  main.cpp
E:\vs项目\练手的\论文查重——第一次软工项目\main.cpp(1,1): warning C4828: 文件包含在偏移 0x99 处开始的字符，该字符在当前源字符集中无效(代码页 65001)。
E:\vs项目\练手的\论文查重——第一次软工项目\main.cpp(1,1): warning C4828: 文件包含在偏移 0x9c 处开始的字符，该字符在当前源字符集中无效(代码页 65001)。
E:\vs项目\练手的\论文查重——第一次软工项目\main.cpp(1,1): warning C4828: 文件包含在偏移 0x9f 处开始的字符，该字符在当前源字符集中无效(代码页 65001)。
E:\vs项目\练手的\论文查重——第一次软工项目\main.cpp(1,1): warning C4828: 文件包含在偏移 0xa0 处开始的字符，该字符在当前源字符集中无效(代码页 65001)。
E:\vs项目\练手的\论文查重——第一次软工项目\main.cpp(1,1): warning C4828: 文件包含在偏移 0xa1 处开始的字符，该字符在当前源字符集中无效(代码页 65001)。
E:\vs项目\练手的\论文查重——第一次软工项目\main.cpp(1,1): warning C4828: 文件包含在偏移 0xa2 处开始的字符，该字符在当前源字符集中无效(代码页 65001)。
E:\vs项目\练手的\论文查重——第一次软工项目\main.cpp(1,1): warning C4828: 文件包含在偏移 0xa5 处开始的字符，该字符在当前源字符集中无效(代码页 65001)。
E:\vs项目\练手的\论文查重——第一次软工项目\main.cpp(1,1): warning C4828: 文件包含在偏移 0xa6 处开始的字符，该字符在当前源字符集中无效(代码页 65001)。
E:\vs项目\练手的\论文查重——第一次软工项目\main.cpp(1,1): warning C4828: 文件包含在偏移 0xaa 处开始的字符，该字符在当前源字符集中无效(代码页 65001)。
E:\vs项目\练手的\论文查重——第一次软工项目\main.cpp(1,1): warning C4828: 文件包含在偏移 0xab 处开始的字符，该字符在当前源字符集中无效(代码页 65001)。
E:\vs项目\练手的\论文查重——第一次软工项目\main.cpp(1,1): warning C4828: 文件包含在偏移 0xac 处开始的字符，该字符在当前源字符集中无效(代码页 65001)。
E:\vs项目\练手的\论文查重——第一次软工项目\main.cpp(1,1): warning C4828: 文件包含在偏移 0xad 处开始的字符，该字符在当前源字符集中无效(代码页 65001)。
E:\vs项目\练手的\论文查重——第一次软工项目\main.cpp(1,1): warning C4828: 文件包含在偏移 0xaf 处开始的字符，该字符在当前源字符集中无效(代码页 65001)。
E:\vs项目\练手的\论文查重——第一次软工项目\main.cpp(1,1): warning C4828: 文件包含在偏移 0xb0 处开始的字符，该字符在当前源字符集中无效(代码页 65001)。
E:\vs项目\练手的\论文查重——第一次软工项目\main.cpp(1,1): warning C4828: 文件包含在偏移 0xb6 处开始的字符，该字符在当前源字符集中无效(代码页 65001)。
E:\vs项目\练手的\论文查重——第一次软工项目\main.cpp(1,1): warning C4828: 文件包含在偏移 0xb7 处开始的字符，该字符在当前源字符集中无效(代码页 65001)。
E:\vs项目\练手的\论文查重——第一次软工项目\main.cpp(1,1): warning C4828: 文件包含在偏移 0xb9 处开始的字符，该字符在当前源字符集中无效(代码页 65001)。
E:\vs项目\练手的\论文查重——第一次软工项目\main.cpp(1,1): warning C4828: 文件包含在偏移 0xbb 处开始的字符，该字符在当前源字符集中无效(代码页 65001)。
E:\vs项目\练手的\论文查重——第一次软工项目\main.cpp(1,1): warning C4828: 文件包含在偏移 0xbe 处开始的字符，该字符在当前源字符集中无效(代码页 65001)。
E:\vs项目\练手的\论文查重——第一次软工项目\main.cpp(1,1): warning C4828: 文件包含在偏移 0xbf 处开始的字符，该字符在当前源字符集中无效(代码页 65001)。
E:\vs项目\练手的\论文查重——第一次软工项目\main.cpp(1,1): warning C4828: 文件包含在偏移 0x237 处开始的字符，该字符在当前源字符集中无效(代码页 65001)。
E:\vs项目\练手的\论文查重——第一次软工项目\main.cpp(1,1): warning C4828: 文件包含在偏移 0x238 处开始的字符，该字符在当前源字符集中无效(代码页 65001)。
E:\vs项目\练手的\论文查重——第一次软工项目\main.cpp(1,1): warning C4828: 文件包含在偏移 0x23c 处开始的字符，该字符在当前源字符集中无效(代码页 65001)。
E:\vs项目\练手的\论文查重——第一次软工项目\main.cpp(1,1): warning C4828: 文件包含在偏移 0x23d 处开始的字符，该字符在当前源字符集中无效(代码页 65001)。
E:\vs项目\练手的\论文查重——第一次软工项目\main.cpp(1,1): warning C4828: 文件包含在偏移 0x241 处开始的字符，该字符在当前源字符集中无效(代码页 65001)。
E:\vs项目\练手的\论文查重——第一次软工项目\main.cpp(1,1): warning C4828: 文件包含在偏移 0x243 处开始的字符，该字符在当前源字符集中无效(代码页 65001)。
E:\vs项目\练手的\论文查重——第一次软工项目\main.cpp(1,1): warning C4828: 文件包含在偏移 0x244 处开始的字符，该字符在当前源字符集中无效(代码页 65001)。
E:\vs项目\练手的\论文查重——第一次软工项目\main.cpp(1,1): warning C4828: 文件包含在偏移 0x245 处开始的字符，该字符在当前源字符集中无效(代码页 65001)。
E:\vs项目\练手的\论文查重——第一次软工项目\main.cpp(1,1): warning C4828: 文件包含在偏移 0x247 处开始的字符，该字符在当前源字符集中无效(代码页 65001)。
E:\vs项目\练手的\论文查重——第一次软工项目\main.cpp(1,1): warning C4828: 文件包含在偏移 0x249 处开始的字符，该字符在当前源字符集中无效(代码页 65001)。
E:\vs项目\练手的\论文查重——第一次软工项目\main.cpp(1,1): warning C4828: 文件包含在偏移 0x24b 处开始的字符，该字符在当前源字符集中无效(代码页 65001)。
E:\vs项目\练手的\论文查重——第一次软工项目\main.cpp(1,1): warning C4828: 文件包含在偏移 0x24c 处开始的字符，该字符在当前源字符集中无效(代码页 65001)。
E:\vs项目\练手的\论文查重——第一次软工项目\main.cpp(1,1): warning C4828: 文件包含在偏移 0x250 处开始的字符，该字符在当前源字符集中无效(代码页 65001)。
E:\vs项目\练手的\论文查重——第一次软工项目\main.cpp(1,1): warning C4828: 文件包含在偏移 0x251 处开始的字符，该字符在当前源字符集中无效(代码页 65001)。
E:\vs项目\练手的\论文查重——第一次软工项目\main.cpp(1,1): warning C4828: 文件包含在偏移 0x252 处开始的字符，该字符在当前源字符集中无效(代码页 65001)。
E:\vs项目\练手的\论文查重——第一次软工项目\main.cpp(1,1): warning C4828: 文件包含在偏移 0x253 处开始的字符，该字符在当前源字符集中无效(代码页 65001)。
E:\vs项目\练手的\论文查重——第一次软工项目\main.cpp(1,1): warning C4828: 文件包含在偏移 0x255 处开始的字符，该字符在当前源字符集中无效(代码页 65001)。
E:\vs项目\练手的\论文查重——第一次软工项目\main.cpp(1,1): warning C4828: 文件包含在偏移 0x256 处开始的字符，该字符在当前源字符集中无效(代码页 65001)。
E:\vs项目\练手的\论文查重——第一次软工项目\main.cpp(1,1): warning C4828: 文件包含在偏移 0x25a 处开始的字符，该字符在当前源字符集中无效(代码页 65001)。
E:\vs项目\练手的\论文查重——第一次软工项目\main.cpp(1,1): warning C4828: 文件包含在偏移 0x2a0 处开始的字符，该字符在当前源字符集中无效(代码页 65001)。
E:\vs项目\练手的\论文查重——第一次软工项目\main.cpp(1,1): warning C4828: 文件包含在偏移 0x2a2 处开始的字符，该字符在当前源字符集中无效(代码页 65001)。
E:\vs项目\练手的\论文查重——第一次软工项目\main.cpp(1,1): warning C4828: 文件包含在偏移 0x2a4 处开始的字符，该字符在当前源字符集中无效(代码页 65001)。
E:\vs项目\练手的\论文查重——第一次软工项目\main.cpp(1,1): warning C4828: 文件包含在偏移 0x2a5 处开始的字符，该字符在当前源字符集中无效(代码页 65001)。
E:\vs项目\练手的\论文查重——第一次软工项目\main.cpp(1,1): warning C4828: 文件包含在偏移 0x2a8 处开始的字符，该字符在当前源字符集中无效(代码页 65001)。
E:\vs项目\练手的\论文查重——第一次软工项目\main.cpp(1,1): warning C4828: 文件包含在偏移 0x2a9 处开始的字符，该字符在当前源字符集中无效(代码页 65001)。
E:\vs项目\练手的\论文查重——第一次软工项目\main.cpp(1,1): warning C4828: 文件包含在偏移 0x2aa 处开始的字符，该字符在当前源字符集中无效(代码页 65001)。
E:\vs项目\练手的\论文查重——第一次软工项目\main.cpp(1,1): warning C4828: 文件包含在偏移 0x2ab 处开始的字符，该字符在当前源字符集中无效(代码页 65001)。
E:\vs项目\练手的\论文查重——第一次软工项目\main.cpp(1,1): warning C4828: 文件包含在偏移 0x2ad 处开始的字符，该字符在当前源字符集中无效(代码页 65001)。
E:\vs项目\练手的\论文查重——第一次软工项目\main.cpp(1,1): warning C4828: 文件包含在偏移 0x2ae 处开始的字符，该字符在当前源字符集中无效(代码页 65001)。
E:\vs项目\练手的\论文查重——第一次软工项目\main.cpp(1,1): warning C4828: 文件包含在偏移 0x2b0 处开始的字符，该字符在当前源字符集中无效(代码页 65001)。
E:\vs项目\练手的\论文查重——第一次软工项目\main.cpp(1,1): warning C4828: 文件包含在偏移 0x2b1 处开始的字符，该字符在当前源字符集中无效(代码页 65001)。
E:\vs项目\练手的\论文查重——第一次软工项目\main.cpp(1,1): warning C4828: 文件包含在偏移 0x2b2 处开始的字符，该字符在当前源字符集中无效(代码页 65001)。
E:\vs项目\练手的\论文查重——第一次软工项目\main.cpp(1,1): warning C4828: 文件包含在偏移 0x2b3 处开始的字符，该字符在当前源字符集中无效(代码页 65001)。
E:\vs项目\练手的\论文查重——第一次软工项目\main.cpp(1,1): warning C4828: 文件包含在偏移 0x2ea 处开始的字符，该字符在当前源字符集中无效(代码页 65001)。
E:\vs项目\练手的\论文查重——第一次软工项目\main.cpp(1,1): warning C4828: 文件包含在偏移 0x2ee 处开始的字符，该字符在当前源字符集中无效(代码页 65001)。
E:\vs项目\练手的\论文查重——第一次软工项目\main.cpp(1,1): warning C4828: 文件包含在偏移 0x2ef 处开始的字符，该字符在当前源字符集中无效(代码页 65001)。
E:\vs项目\练手的\论文查重——第一次软工项目\main.cpp(1,1): warning C4828: 文件包含在偏移 0x2f3 处开始的字符，该字符在当前源字符集中无效(代码页 65001)。
E:\vs项目\练手的\论文查重——第一次软工项目\main.cpp(1,1): warning C4828: 文件包含在偏移 0x2f4 处开始的字符，该字符在当前源字符集中无效(代码页 65001)。
E:\vs项目\练手的\论文查重——第一次软工项目\main.cpp(1,1): warning C4828: 文件包含在偏移 0x2f7 处开始的字符，该字符在当前源字符集中无效(代码页 65001)。
E:\vs项目\练手的\论文查重——第一次软工项目\main.cpp(1,1): warning C4828: 文件包含在偏移 0x2f8 处开始的字符，该字符在当前源字符集中无效(代码页 65001)。
E:\vs项目\练手的\论文查重——第一次软工项目\main.cpp(1,1): warning C4828: 文件包含在偏移 0x2fb 处开始的字符，该字符在当前源字符集中无效(代码页 65001)。
E:\vs项目\练手的\论文查重——第一次软工项目\main.cpp(1,1): warning C4828: 文件包含在偏移 0x2fc 处开始的字符，该字符在当前源字符集中无效(代码页 65001)。
E:\vs项目\练手的\论文查重——第一次软工项目\main.cpp(1,1): warning C4828: 文件包含在偏移 0x300 处开始的字符，该字符在当前源字符集中无效(代码页 65001)。
E:\vs项目\练手的\论文查重——第一次软工项目\main.cpp(1,1): warning C4828: 文件包含在偏移 0x302 处开始的字符，该字符在当前源字符集中无效(代码页 65001)。
E:\vs项目\练手的\论文查重——第一次软工项目\main.cpp(1,1): warning C4828: 文件包含在偏移 0x303 处开始的字符，该字符在当前源字符集中无效(代码页 65001)。
E:\vs项目\练手的\论文查重——第一次软工项目\main.cpp(1,1): warning C4828: 文件包含在偏移 0x307 处开始的字符，该字符在当前源字符集中无效(代码页 65001)。
E:\vs项目\练手的\论文查重——第一次软工项目\main.cpp(1,1): warning C4828: 文件包含在偏移 0x32d 处开始的字符，该字符在当前源字符集中无效(代码页 65001)。
E:\vs项目\练手的\论文查重——第一次软工项目\main.cpp(1,1): warning C4828: 文件包含在偏移 0x32e 处开始的字符，该字符在当前源字符集中无效(代码页 65001)。
E:\vs项目\练手的\论文查重——第一次软工项目\main.cpp(1,1): warning C4828: 文件包含在偏移 0x3e0 处开始的字符，该字符在当前源字符集中无效(代码页 65001)。
E:\vs项目\练手的\论文查重——第一次软工项目\main.cpp(1,1): warning C4828: 文件包含在偏移 0x3e1 处开始的字符，该字符在当前源字符集中无效(代码页 65001)。
E:\vs项目\练手的\论文查重——第一次软工项目\main.cpp(1,1): warning C4828: 文件包含在偏移 0x3e4 处开始的字符，该字符在当前源字符集中无效(代码页 65001)。
E:\vs项目\练手的\论文查重——第一次软工项目\main.cpp(1,1): warning C4828: 文件包含在偏移 0x3e5 处开始的字符，该字符在当前源字符集中无效(代码页 65001)。
E:\vs项目\练手的\论文查重——第一次软工项目\main.cpp(1,1): warning C4828: 文件包含在偏移 0x3e6 处开始的字符，该字符在当前源字符集中无效(代码页 65001)。
E:\vs项目\练手的\论文查重——第一次软工项目\main.cpp(1,1): warning C4828: 文件包含在偏移 0x3e7 处开始的字符，该字符在当前源字符集中无效(代码页 65001)。
E:\vs项目\练手的\论文查重——第一次软工项目\main.cpp(1,1): warning C4828: 文件包含在偏移 0x3e9 处开始的字符，该字符在当前源字符集中无效(代码页 65001)。
E:\vs项目\练手的\论文查重——第一次软工项目\main.cpp(1,1): warning C4828: 文件包含在偏移 0x3ea 处开始的字符，该字符在当前源字符集中无效(代码页 65001)。
E:\vs项目\练手的\论文查重——第一次软工项目\main.cpp(1,1): warning C4828: 文件包含在偏移 0x3ec 处开始的字符，该字符在当前源字符集中无效(代码页 65001)。
E:\vs项目\练手的\论文查重——第一次软工项目\main.cpp(1,1): warning C4828: 文件包含在偏移 0x3ed 处开始的字符，该字符在当前源字符集中无效(代码页 65001)。
E:\vs项目\练手的\论文查重——第一次软工项目\main.cpp(1,1): warning C4828: 文件包含在偏移 0x3ee 处开始的字符，该字符在当前源字符集中无效(代码页 65001)。
E:\vs项目\练手的\论文查重——第一次软工项目\main.cpp(1,1): warning C4828: 文件包含在偏移 0x3ef 处开始的字符，该字符在当前源字符集中无效(代码页 65001)。
E:\vs项目\练手的\论文查重——第一次软工项目\main.cpp(1,1): warning C4828: 文件包含在偏移 0x3f0 处开始的字符，该字符在当前源字符集中无效(代码页 65001)。
E:\vs项目\练手的\论文查重——第一次软工项目\main.cpp(1,1): warning C4828: 文件包含在偏移 0x3f4 处开始的字符，该字符在当前源字符集中无效(代码页 65001)。
E:\vs项目\练手的\论文查重——第一次软工项目\main.cpp(1,1): warning C4828: 文件包含在偏移 0x3f5 处开始的字符，该字符在当前源字符集中无效(代码页 65001)。
E:\vs项目\练手的\论文查重——第一次软工项目\main.cpp(1,1): warning C4828: 文件包含在偏移 0x517 处开始的字符，该字符在当前源字符集中无效(代码页 65001)。
E:\vs项目\练手的\论文查重——第一次软工项目\main.cpp(1,1): warning C4828: 文件包含在偏移 0x519 处开始的字符，该字符在当前源字符集中无效(代码页 65001)。
E:\vs项目\练手的\论文查重——第一次软工项目\main.cpp(1,1): warning C4828: 文件包含在偏移 0x51b 处开始的字符，该字符在当前源字符集中无效(代码页 65001)。
E:\vs项目\练手的\论文查重——第一次软工项目\main.cpp(1,1): warning C4828: 文件包含在偏移 0x51c 处开始的字符，该字符在当前源字符集中无效(代码页 65001)。
E:\vs项目\练手的\论文查重——第一次软工项目\main.cpp(1,1): warning C4828: 文件包含在偏移 0x51d 处开始的字符，该字符在当前源字符集中无效(代码页 65001)。
E:\vs项目\练手的\论文查重——第一次软工项目\main.cpp(1,1): warning C4828: 文件包含在偏移 0x51e 处开始的字符，该字符在当前源字符集中无效(代码页 65001)。
E:\vs项目\练手的\论文查重——第一次软工项目\main.cpp(1,1): warning C4828: 文件包含在偏移 0x51f 处开始的字符，该字符在当前源字符集中无效(代码页 65001)。
E:\vs项目\练手的\论文查重——第一次软工项目\main.cpp(1,1): warning C4828: 文件包含在偏移 0x520 处开始的字符，该字符在当前源字符集中无效(代码页 65001)。
E:\vs项目\练手的\论文查重——第一次软工项目\main.cpp(1,1): warning C4828: 文件包含在偏移 0x58e 处开始的字符，该字符在当前源字符集中无效(代码页 65001)。
E:\vs项目\练手的\论文查重——第一次软工项目\main.cpp(1,1): warning C4828: 文件包含在偏移 0x58f 处开始的字符，该字符在当前源字符集中无效(代码页 65001)。
E:\vs项目\练手的\论文查重——第一次软工项目\main.cpp(1,1): warning C4828: 文件包含在偏移 0x592 处开始的字符，该字符在当前源字符集中无效(代码页 65001)。
E:\vs项目\练手的\论文查重——第一次软工项目\main.cpp(1,1): warning C4828: 文件包含在偏移 0x593 处开始的字符，该字符在当前源字符集中无效(代码页 65001)。
E:\vs项目\练手的\论文查重——第一次软工项目\main.cpp(1,1): warning C4828: 文件包含在偏移 0x596 处开始的字符，该字符在当前源字符集中无效(代码页 65001)。
E:\vs项目\练手的\论文查重——第一次软工项目\main.cpp(1,1): warning C4828: 文件包含在偏移 0x597 处开始的字符，该字符在当前源字符集中无效(代码页 65001)。
E:\vs项目\练手的\论文查重——第一次软工项目\main.cpp(1,1): warning C4828: 文件包含在偏移 0x598 处开始的字符，该字符在当前源字符集中无效(代码页 65001)。
E:\vs项目\练手的\论文查重——第一次软工项目\main.cpp(1,1): warning C4828: 文件包含在偏移 0x599 处开始的字符，该字符在当前源字符集中无效(代码页 65001)。
E:\vs项目\练手的\论文查重——第一次软工项目\main.cpp(1,1): warning C4828: 文件包含在偏移 0x59a 处开始的字符，该字符在当前源字符集中无效(代码页 65001)。
E:\vs项目\练手的\论文查重——第一次软工项目\main.cpp(1,1): warning C4828: 文件包含在偏移 0x59b 处开始的字符，该字符在当前源字符集中无效(代码页 65001)。
E:\vs项目\练手的\论文查重——第一次软工项目\main.cpp(1,1): warning C4828: 文件包含在偏移 0x6a3 处开始的字符，该字符在当前源字符集中无效(代码页 65001)。
E:\vs项目\练手的\论文查重——第一次软工项目\main.cpp(1,1): warning C4828: 文件包含在偏移 0x6a5 处开始的字符，该字符在当前源字符集中无效(代码页 65001)。
E:\vs项目\练手的\论文查重——第一次软工项目\main.cpp(1,1): warning C4828: 文件包含在偏移 0x6a7 处开始的字符，该字符在当前源字符集中无效(代码页 65001)。
E:\vs项目\练手的\论文查重——第一次软工项目\main.cpp(1,1): warning C4828: 文件包含在偏移 0x6ab 处开始的字符，该字符在当前源字符集中无效(代码页 65001)。
E:\vs项目\练手的\论文查重——第一次软工项目\main.cpp(1,1): warning C4828: 文件包含在偏移 0x6ac 处开始的字符，该字符在当前源字符集中无效(代码页 65001)。
E:\vs项目\练手的\论文查重——第一次软工项目\main.cpp(1,1): warning C4828: 文件包含在偏移 0x708 处开始的字符，该字符在当前源字符集中无效(代码页 65001)。
E:\vs项目\练手的\论文查重——第一次软工项目\main.cpp(1,1): warning C4828: 文件包含在偏移 0x709 处开始的字符，该字符在当前源字符集中无效(代码页 65001)。
E:\vs项目\练手的\论文查重——第一次软工项目\main.cpp(1,1): warning C4828: 文件包含在偏移 0x70c 处开始的字符，该字符在当前源字符集中无效(代码页 65001)。
E:\vs项目\练手的\论文查重——第一次软工项目\main.cpp(1,1): warning C4828: 文件包含在偏移 0x70d 处开始的字符，该字符在当前源字符集中无效(代码页 65001)。
E:\vs项目\练手的\论文查重——第一次软工项目\main.cpp(1,1): warning C4828: 文件包含在偏移 0x710 处开始的字符，该字符在当前源字符集中无效(代码页 65001)。
E:\vs项目\练手的\论文查重——第一次软工项目\main.cpp(1,1): warning C4828: 文件包含在偏移 0x714 处开始的字符，该字符在当前源字符集中无效(代码页 65001)。
E:\vs项目\练手的\论文查重——第一次软工项目\main.cpp(1,1): warning C4828: 文件包含在偏移 0x715 处开始的字符，该字符在当前源字符集中无效(代码页 65001)。
E:\vs项目\练手的\论文查重——第一次软工项目\main.cpp(1,1): warning C4828: 文件包含在偏移 0x89a 处开始的字符，该字符在当前源字符集中无效(代码页 65001)。
E:\vs项目\练手的\论文查重——第一次软工项目\main.cpp(1,1): warning C4828: 文件包含在偏移 0x89c 处开始的字符，该字符在当前源字符集中无效(代码页 65001)。
E:\vs项目\练手的\论文查重——第一次软工项目\main.cpp(1,1): warning C4828: 文件包含在偏移 0x89f 处开始的字符，该字符在当前源字符集中无效(代码页 65001)。
E:\vs项目\练手的\论文查重——第一次软工项目\main.cpp(1,1): warning C4828: 文件包含在偏移 0x8a1 处开始的字符，该字符在当前源字符集中无效(代码页 65001)。
E:\vs项目\练手的\论文查重——第一次软工项目\main.cpp(1,1): warning C4828: 文件包含在偏移 0x8a3 处开始的字符，该字符在当前源字符集中无效(代码页 65001)。
E:\vs项目\练手的\论文查重——第一次软工项目\main.cpp(1,1): warning C4828: 文件包含在偏移 0x8a5 处开始的字符，该字符在当前源字符集中无效(代码页 65001)。
E:\vs项目\练手的\论文查重——第一次软工项目\main.cpp(1,1): warning C4828: 文件包含在偏移 0x8a6 处开始的字符，该字符在当前源字符集中无效(代码页 65001)。
E:\vs项目\练手的\论文查重——第一次软工项目\main.cpp(1,1): warning C4828: 文件包含在偏移 0x8a8 处开始的字符，该字符在当前源字符集中无效(代码页 65001)。
E:\vs项目\练手的\论文查重——第一次软工项目\main.cpp(1,1): warning C4828: 文件包含在偏移 0x8f2 处开始的字符，该字符在当前源字符集中无效(代码页 65001)。
E:\vs项目\练手的\论文查重——第一次软工项目\main.cpp(1,1): warning C4828: 文件包含在偏移 0x8f3 处开始的字符，该字符在当前源字符集中无效(代码页 65001)。
E:\vs项目\练手的\论文查重——第一次软工项目\main.cpp(1,1): warning C4828: 文件包含在偏移 0x8f6 处开始的字符，该字符在当前源字符集中无效(代码页 65001)。
E:\vs项目\练手的\论文查重——第一次软工项目\main.cpp(1,1): warning C4828: 文件包含在偏移 0x8f7 处开始的字符，该字符在当前源字符集中无效(代码页 65001)。
E:\vs项目\练手的\论文查重——第一次软工项目\main.cpp(1,1): warning C4828: 文件包含在偏移 0x8fa 处开始的字符，该字符在当前源字符集中无效(代码页 65001)。
E:\vs项目\练手的\论文查重——第一次软工项目\main.cpp(1,1): warning C4828: 文件包含在偏移 0x8fb 处开始的字符，该字符在当前源字符集中无效(代码页 65001)。
E:\vs项目\练手的\论文查重——第一次软工项目\main.cpp(1,1): warning C4828: 文件包含在偏移 0x8fd 处开始的字符，该字符在当前源字符集中无效(代码页 65001)。
E:\vs项目\练手的\论文查重——第一次软工项目\main.cpp(1,1): warning C4828: 文件包含在偏移 0x8ff 处开始的字符，该字符在当前源字符集中无效(代码页 65001)。
E:\vs项目\练手的\论文查重——第一次软工项目\main.cpp(1,1): warning C4828: 文件包含在偏移 0x901 处开始的字符，该字符在当前源字符集中无效(代码页 65001)。
E:\vs项目\练手的\论文查重——第一次软工项目\main.cpp(1,1): warning C4828: 文件包含在偏移 0x902 处开始的字符，该字符在当前源字符集中无效(代码页 65001)。
E:\vs项目\练手的\论文查重——第一次软工项目\main.cpp(1,1): warning C4828: 文件包含在偏移 0x904 处开始的字符，该字符在当前源字符集中无效(代码页 65001)。
E:\vs项目\练手的\论文查重——第一次软工项目\main.cpp(1,1): warning C4828: 文件包含在偏移 0xb0a 处开始的字符，该字符在当前源字符集中无效(代码页 65001)。
E:\vs项目\练手的\论文查重——第一次软工项目\main.cpp(1,1): warning C4828: 文件包含在偏移 0xb0c 处开始的字符，该字符在当前源字符集中无效(代码页 65001)。
E:\vs项目\练手的\论文查重——第一次软工项目\main.cpp(1,1): warning C4828: 文件包含在偏移 0xb0d 处开始的字符，该字符在当前源字符集中无效(代码页 65001)。
E:\vs项目\练手的\论文查重——第一次软工项目\main.cpp(1,1): warning C4828: 文件包含在偏移 0xb10 处开始的字符，该字符在当前源字符集中无效(代码页 65001)。
E:\vs项目\练手的\论文查重——第一次软工项目\main.cpp(1,1): warning C4828: 文件包含在偏移 0xb12 处开始的字符，该字符在当前源字符集中无效(代码页 65001)。
E:\vs项目\练手的\论文查重——第一次软工项目\main.cpp(1,1): warning C4828: 文件包含在偏移 0xb13 处开始的字符，该字符在当前源字符集中无效(代码页 65001)。
E:\vs项目\练手的\论文查重——第一次软工项目\main.cpp(1,1): warning C4828: 文件包含在偏移 0xb46 处开始的字符，该字符在当前源字符集中无效(代码页 65001)。
E:\vs项目\练手的\论文查重——第一次软工项目\main.cpp(1,1): warning C4828: 文件包含在偏移 0xb47 处开始的字符，该字符在当前源字符集中无效(代码页 65001)。
E:\vs项目\练手的\论文查重——第一次软工项目\main.cpp(1,1): warning C4828: 文件包含在偏移 0xb4a 处开始的字符，该字符在当前源字符集中无效(代码页 65001)。
E:\vs项目\练手的\论文查重——第一次软工项目\main.cpp(1,1): warning C4828: 文件包含在偏移 0xb4c 处开始的字符，该字符在当前源字符集中无效(代码页 65001)。
E:\vs项目\练手的\论文查重——第一次软工项目\main.cpp(1,1): warning C4828: 文件包含在偏移 0xb4f 处开始的字符，该字符在当前源字符集中无效(代码页 65001)。
E:\vs项目\练手的\论文查重——第一次软工项目\main.cpp(1,1): warning C4828: 文件包含在偏移 0xb50 处开始的字符，该字符在当前源字符集中无效(代码页 65001)。
E:\vs项目\练手的\论文查重——第一次软工项目\main.cpp(1,1): warning C4828: 文件包含在偏移 0xb52 处开始的字符，该字符在当前源字符集中无效(代码页 65001)。
E:\vs项目\练手的\论文查重——第一次软工项目\main.cpp(1,1): warning C4828: 文件包含在偏移 0xb54 处开始的字符，该字符在当前源字符集中无效(代码页 65001)。
E:\vs项目\练手的\论文查重——第一次软工项目\main.cpp(1,1): warning C4828: 文件包含在偏移 0xb55 处开始的字符，该字符在当前源字符集中无效(代码页 65001)。
E:\vs项目\练手的\论文查重——第一次软工项目\main.cpp(1,1): warning C4828: 文件包含在偏移 0xb88 处开始的字符，该字符在当前源字符集中无效(代码页 65001)。
E:\vs项目\练手的\论文查重——第一次软工项目\main.cpp(1,1): warning C4828: 文件包含在偏移 0xb89 处开始的字符，该字符在当前源字符集中无效(代码页 65001)。
E:\vs项目\练手的\论文查重——第一次软工项目\main.cpp(1,1): warning C4828: 文件包含在偏移 0xb8c 处开始的字符，该字符在当前源字符集中无效(代码页 65001)。
E:\vs项目\练手的\论文查重——第一次软工项目\main.cpp(1,1): warning C4828: 文件包含在偏移 0xb8d 处开始的字符，该字符在当前源字符集中无效(代码页 65001)。
E:\vs项目\练手的\论文查重——第一次软工项目\main.cpp(1,1): warning C4828: 文件包含在偏移 0xb8e 处开始的字符，该字符在当前源字符集中无效(代码页 65001)。
E:\vs项目\练手的\论文查重——第一次软工项目\main.cpp(1,1): warning C4828: 文件包含在偏移 0xb8f 处开始的字符，该字符在当前源字符集中无效(代码页 65001)。
E:\vs项目\练手的\论文查重——第一次软工项目\main.cpp(1,1): warning C4828: 文件包含在偏移 0xc0b 处开始的字符，该字符在当前源字符集中无效(代码页 65001)。
E:\vs项目\练手的\论文查重——第一次软工项目\main.cpp(1,1): warning C4828: 文件包含在偏移 0xc0c 处开始的字符，该字符在当前源字符集中无效(代码页 65001)。
E:\vs项目\练手的\论文查重——第一次软工项目\main.cpp(1,1): warning C4828: 文件包含在偏移 0xc71 处开始的字符，该字符在当前源字符集中无效(代码页 65001)。
E:\vs项目\练手的\论文查重——第一次软工项目\main.cpp(1,1): warning C4828: 文件包含在偏移 0xc72 处开始的字符，该字符在当前源字符集中无效(代码页 65001)。
E:\vs项目\练手的\论文查重——第一次软工项目\main.cpp(1,1): warning C4828: 文件包含在偏移 0xc75 处开始的字符，该字符在当前源字符集中无效(代码页 65001)。
E:\vs项目\练手的\论文查重——第一次软工项目\main.cpp(1,1): warning C4828: 文件包含在偏移 0xc76 处开始的字符，该字符在当前源字符集中无效(代码页 65001)。
E:\vs项目\练手的\论文查重——第一次软工项目\file_util.h(1,1): warning C4828: 文件包含在偏移 0x10 处开始的字符，该字符在当前源字符集中无效(代码页 65001)。
E:\vs项目\练手的\论文查重——第一次软工项目\file_util.h(1,1): warning C4828: 文件包含在偏移 0x12 处开始的字符，该字符在当前源字符集中无效(代码页 65001)。
E:\vs项目\练手的\论文查重——第一次软工项目\file_util.h(1,1): warning C4828: 文件包含在偏移 0x14 处开始的字符，该字符在当前源字符集中无效(代码页 65001)。
E:\vs项目\练手的\论文查重——第一次软工项目\file_util.h(1,1): warning C4828: 文件包含在偏移 0x16 处开始的字符，该字符在当前源字符集中无效(代码页 65001)。
E:\vs项目\练手的\论文查重——第一次软工项目\file_util.h(1,1): warning C4828: 文件包含在偏移 0x17 处开始的字符，该字符在当前源字符集中无效(代码页 65001)。
E:\vs项目\练手的\论文查重——第一次软工项目\file_util.h(1,1): warning C4828: 文件包含在偏移 0x18 处开始的字符，该字符在当前源字符集中无效(代码页 65001)。
E:\vs项目\练手的\论文查重——第一次软工项目\file_util.h(1,1): warning C4828: 文件包含在偏移 0x19 处开始的字符，该字符在当前源字符集中无效(代码页 65001)。
E:\vs项目\练手的\论文查重——第一次软工项目\file_util.h(1,1): warning C4828: 文件包含在偏移 0x1c 处开始的字符，该字符在当前源字符集中无效(代码页 65001)。
E:\vs项目\练手的\论文查重——第一次软工项目\file_util.h(1,1): warning C4828: 文件包含在偏移 0x1d 处开始的字符，该字符在当前源字符集中无效(代码页 65001)。
E:\vs项目\练手的\论文查重——第一次软工项目\file_util.h(1,1): warning C4828: 文件包含在偏移 0x1e 处开始的字符，该字符在当前源字符集中无效(代码页 65001)。
E:\vs项目\练手的\论文查重——第一次软工项目\file_util.h(1,1): warning C4828: 文件包含在偏移 0x81 处开始的字符，该字符在当前源字符集中无效(代码页 65001)。
E:\vs项目\练手的\论文查重——第一次软工项目\file_util.h(1,1): warning C4828: 文件包含在偏移 0x82 处开始的字符，该字符在当前源字符集中无效(代码页 65001)。
E:\vs项目\练手的\论文查重——第一次软工项目\file_util.h(1,1): warning C4828: 文件包含在偏移 0x85 处开始的字符，该字符在当前源字符集中无效(代码页 65001)。
E:\vs项目\练手的\论文查重——第一次软工项目\file_util.h(1,1): warning C4828: 文件包含在偏移 0x86 处开始的字符，该字符在当前源字符集中无效(代码页 65001)。
E:\vs项目\练手的\论文查重——第一次软工项目\file_util.h(1,1): warning C4828: 文件包含在偏移 0x88 处开始的字符，该字符在当前源字符集中无效(代码页 65001)。
E:\vs项目\练手的\论文查重——第一次软工项目\file_util.h(1,1): warning C4828: 文件包含在偏移 0x89 处开始的字符，该字符在当前源字符集中无效(代码页 65001)。
E:\vs项目\练手的\论文查重——第一次软工项目\file_util.h(1,1): warning C4828: 文件包含在偏移 0x8a 处开始的字符，该字符在当前源字符集中无效(代码页 65001)。
E:\vs项目\练手的\论文查重——第一次软工项目\file_util.h(1,1): warning C4828: 文件包含在偏移 0x8b 处开始的字符，该字符在当前源字符集中无效(代码页 65001)。
E:\vs项目\练手的\论文查重——第一次软工项目\file_util.h(1,1): warning C4828: 文件包含在偏移 0x8d 处开始的字符，该字符在当前源字符集中无效(代码页 65001)。
E:\vs项目\练手的\论文查重——第一次软工项目\file_util.h(1,1): warning C4828: 文件包含在偏移 0x8e 处开始的字符，该字符在当前源字符集中无效(代码页 65001)。
E:\vs项目\练手的\论文查重——第一次软工项目\file_util.h(1,1): warning C4828: 文件包含在偏移 0x8f 处开始的字符，该字符在当前源字符集中无效(代码页 65001)。
E:\vs项目\练手的\论文查重——第一次软工项目\file_util.h(1,1): warning C4828: 文件包含在偏移 0x91 处开始的字符，该字符在当前源字符集中无效(代码页 65001)。
E:\vs项目\练手的\论文查重——第一次软工项目\file_util.h(1,1): warning C4828: 文件包含在偏移 0x92 处开始的字符，该字符在当前源字符集中无效(代码页 65001)。
E:\vs项目\练手的\论文查重——第一次软工项目\file_util.h(1,1): warning C4828: 文件包含在偏移 0x95 处开始的字符，该字符在当前源字符集中无效(代码页 65001)。
E:\vs项目\练手的\论文查重——第一次软工项目\file_util.h(1,1): warning C4828: 文件包含在偏移 0x98 处开始的字符，该字符在当前源字符集中无效(代码页 65001)。
E:\vs项目\练手的\论文查重——第一次软工项目\file_util.h(1,1): warning C4828: 文件包含在偏移 0x99 处开始的字符，该字符在当前源字符集中无效(代码页 65001)。
E:\vs项目\练手的\论文查重——第一次软工项目\file_util.h(1,1): warning C4828: 文件包含在偏移 0x9b 处开始的字符，该字符在当前源字符集中无效(代码页 65001)。
E:\vs项目\练手的\论文查重——第一次软工项目\file_util.h(1,1): warning C4828: 文件包含在偏移 0x9d 处开始的字符，该字符在当前源字符集中无效(代码页 65001)。
E:\vs项目\练手的\论文查重——第一次软工项目\file_util.h(1,1): warning C4828: 文件包含在偏移 0x9f 处开始的字符，该字符在当前源字符集中无效(代码页 65001)。
E:\vs项目\练手的\论文查重——第一次软工项目\file_util.h(1,1): warning C4828: 文件包含在偏移 0xa0 处开始的字符，该字符在当前源字符集中无效(代码页 65001)。
E:\vs项目\练手的\论文查重——第一次软工项目\file_util.h(1,1): warning C4828: 文件包含在偏移 0xa6 处开始的字符，该字符在当前源字符集中无效(代码页 65001)。
E:\vs项目\练手的\论文查重——第一次软工项目\file_util.h(1,1): warning C4828: 文件包含在偏移 0xa7 处开始的字符，该字符在当前源字符集中无效(代码页 65001)。
E:\vs项目\练手的\论文查重——第一次软工项目\file_util.h(1,1): warning C4828: 文件包含在偏移 0xa8 处开始的字符，该字符在当前源字符集中无效(代码页 65001)。
E:\vs项目\练手的\论文查重——第一次软工项目\file_util.h(1,1): warning C4828: 文件包含在偏移 0xad 处开始的字符，该字符在当前源字符集中无效(代码页 65001)。
E:\vs项目\练手的\论文查重——第一次软工项目\file_util.h(1,1): warning C4828: 文件包含在偏移 0xae 处开始的字符，该字符在当前源字符集中无效(代码页 65001)。
E:\vs项目\练手的\论文查重——第一次软工项目\file_util.h(1,1): warning C4828: 文件包含在偏移 0xaf 处开始的字符，该字符在当前源字符集中无效(代码页 65001)。
E:\vs项目\练手的\论文查重——第一次软工项目\file_util.h(1,1): warning C4828: 文件包含在偏移 0xb3 处开始的字符，该字符在当前源字符集中无效(代码页 65001)。
E:\vs项目\练手的\论文查重——第一次软工项目\file_util.h(1,1): warning C4828: 文件包含在偏移 0xb4 处开始的字符，该字符在当前源字符集中无效(代码页 65001)。
E:\vs项目\练手的\论文查重——第一次软工项目\file_util.h(1,1): warning C4828: 文件包含在偏移 0xb5 处开始的字符，该字符在当前源字符集中无效(代码页 65001)。
E:\vs项目\练手的\论文查重——第一次软工项目\file_util.h(1,1): warning C4828: 文件包含在偏移 0xb6 处开始的字符，该字符在当前源字符集中无效(代码页 65001)。
E:\vs项目\练手的\论文查重——第一次软工项目\file_util.h(1,1): warning C4828: 文件包含在偏移 0xb7 处开始的字符，该字符在当前源字符集中无效(代码页 65001)。
E:\vs项目\练手的\论文查重——第一次软工项目\file_util.h(1,1): warning C4828: 文件包含在偏移 0xb8 处开始的字符，该字符在当前源字符集中无效(代码页 65001)。
E:\vs项目\练手的\论文查重——第一次软工项目\file_util.h(1,1): warning C4828: 文件包含在偏移 0xba 处开始的字符，该字符在当前源字符集中无效(代码页 65001)。
E:\vs项目\练手的\论文查重——第一次软工项目\file_util.h(1,1): warning C4828: 文件包含在偏移 0xc0 处开始的字符，该字符在当前源字符集中无效(代码页 65001)。
E:\vs项目\练手的\论文查重——第一次软工项目\file_util.h(1,1): warning C4828: 文件包含在偏移 0xc2 处开始的字符，该字符在当前源字符集中无效(代码页 65001)。
E:\vs项目\练手的\论文查重——第一次软工项目\file_util.h(1,1): warning C4828: 文件包含在偏移 0xc4 处开始的字符，该字符在当前源字符集中无效(代码页 65001)。
E:\vs项目\练手的\论文查重——第一次软工项目\file_util.h(1,1): warning C4828: 文件包含在偏移 0xc5 处开始的字符，该字符在当前源字符集中无效(代码页 65001)。
E:\vs项目\练手的\论文查重——第一次软工项目\file_util.h(1,1): warning C4828: 文件包含在偏移 0xc6 处开始的字符，该字符在当前源字符集中无效(代码页 65001)。
E:\vs项目\练手的\论文查重——第一次软工项目\file_util.h(1,1): warning C4828: 文件包含在偏移 0xc8 处开始的字符，该字符在当前源字符集中无效(代码页 65001)。
E:\vs项目\练手的\论文查重——第一次软工项目\file_util.h(1,1): warning C4828: 文件包含在偏移 0xc9 处开始的字符，该字符在当前源字符集中无效(代码页 65001)。
E:\vs项目\练手的\论文查重——第一次软工项目\file_util.h(1,1): warning C4828: 文件包含在偏移 0xca 处开始的字符，该字符在当前源字符集中无效(代码页 65001)。
E:\vs项目\练手的\论文查重——第一次软工项目\file_util.h(1,1): warning C4828: 文件包含在偏移 0xd8 处开始的字符，该字符在当前源字符集中无效(代码页 65001)。
E:\vs项目\练手的\论文查重——第一次软工项目\file_util.h(1,1): warning C4828: 文件包含在偏移 0xd9 处开始的字符，该字符在当前源字符集中无效(代码页 65001)。
E:\vs项目\练手的\论文查重——第一次软工项目\file_util.h(1,1): warning C4828: 文件包含在偏移 0xdb 处开始的字符，该字符在当前源字符集中无效(代码页 65001)。
E:\vs项目\练手的\论文查重——第一次软工项目\file_util.h(1,1): warning C4828: 文件包含在偏移 0xdf 处开始的字符，该字符在当前源字符集中无效(代码页 65001)。
E:\vs项目\练手的\论文查重——第一次软工项目\file_util.h(1,1): warning C4828: 文件包含在偏移 0xe0 处开始的字符，该字符在当前源字符集中无效(代码页 65001)。
E:\vs项目\练手的\论文查重——第一次软工项目\file_util.h(1,1): warning C4828: 文件包含在偏移 0xef 处开始的字符，该字符在当前源字符集中无效(代码页 65001)。
E:\vs项目\练手的\论文查重——第一次软工项目\file_util.h(1,1): warning C4828: 文件包含在偏移 0xf0 处开始的字符，该字符在当前源字符集中无效(代码页 65001)。
E:\vs项目\练手的\论文查重——第一次软工项目\file_util.h(1,1): warning C4828: 文件包含在偏移 0xf1 处开始的字符，该字符在当前源字符集中无效(代码页 65001)。
E:\vs项目\练手的\论文查重——第一次软工项目\file_util.h(1,1): warning C4828: 文件包含在偏移 0x10d 处开始的字符，该字符在当前源字符集中无效(代码页 65001)。
E:\vs项目\练手的\论文查重——第一次软工项目\file_util.h(1,1): warning C4828: 文件包含在偏移 0x10e 处开始的字符，该字符在当前源字符集中无效(代码页 65001)。
E:\vs项目\练手的\论文查重——第一次软工项目\file_util.h(1,1): warning C4828: 文件包含在偏移 0x110 处开始的字符，该字符在当前源字符集中无效(代码页 65001)。
E:\vs项目\练手的\论文查重——第一次软工项目\file_util.h(1,1): warning C4828: 文件包含在偏移 0x114 处开始的字符，该字符在当前源字符集中无效(代码页 65001)。
E:\vs项目\练手的\论文查重——第一次软工项目\file_util.h(1,1): warning C4828: 文件包含在偏移 0x115 处开始的字符，该字符在当前源字符集中无效(代码页 65001)。
E:\vs项目\练手的\论文查重——第一次软工项目\file_util.h(1,1): warning C4828: 文件包含在偏移 0x116 处开始的字符，该字符在当前源字符集中无效(代码页 65001)。
E:\vs项目\练手的\论文查重——第一次软工项目\file_util.h(1,1): warning C4828: 文件包含在偏移 0x117 处开始的字符，该字符在当前源字符集中无效(代码页 65001)。
E:\vs项目\练手的\论文查重——第一次软工项目\file_util.h(1,1): warning C4828: 文件包含在偏移 0x119 处开始的字符，该字符在当前源字符集中无效(代码页 65001)。
E:\vs项目\练手的\论文查重——第一次软工项目\file_util.h(1,1): warning C4828: 文件包含在偏移 0x11b 处开始的字符，该字符在当前源字符集中无效(代码页 65001)。
E:\vs项目\练手的\论文查重——第一次软工项目\file_util.h(1,1): warning C4828: 文件包含在偏移 0x11e 处开始的字符，该字符在当前源字符集中无效(代码页 65001)。
E:\vs项目\练手的\论文查重——第一次软工项目\file_util.h(1,1): warning C4828: 文件包含在偏移 0x120 处开始的字符，该字符在当前源字符集中无效(代码页 65001)。
E:\vs项目\练手的\论文查重——第一次软工项目\file_util.h(1,1): warning C4828: 文件包含在偏移 0x121 处开始的字符，该字符在当前源字符集中无效(代码页 65001)。
E:\vs项目\练手的\论文查重——第一次软工项目\file_util.h(1,1): warning C4828: 文件包含在偏移 0x122 处开始的字符，该字符在当前源字符集中无效(代码页 65001)。
E:\vs项目\练手的\论文查重——第一次软工项目\file_util.h(1,1): warning C4828: 文件包含在偏移 0x123 处开始的字符，该字符在当前源字符集中无效(代码页 65001)。
E:\vs项目\练手的\论文查重——第一次软工项目\file_util.h(1,1): warning C4828: 文件包含在偏移 0x125 处开始的字符，该字符在当前源字符集中无效(代码页 65001)。
E:\vs项目\练手的\论文查重——第一次软工项目\file_util.h(1,1): warning C4828: 文件包含在偏移 0x127 处开始的字符，该字符在当前源字符集中无效(代码页 65001)。
E:\vs项目\练手的\论文查重——第一次软工项目\file_util.h(1,1): warning C4828: 文件包含在偏移 0x129 处开始的字符，该字符在当前源字符集中无效(代码页 65001)。
E:\vs项目\练手的\论文查重——第一次软工项目\file_util.h(1,1): warning C4828: 文件包含在偏移 0x12b 处开始的字符，该字符在当前源字符集中无效(代码页 65001)。
E:\vs项目\练手的\论文查重——第一次软工项目\file_util.h(1,1): warning C4828: 文件包含在偏移 0x12c 处开始的字符，该字符在当前源字符集中无效(代码页 65001)。
E:\vs项目\练手的\论文查重——第一次软工项目\file_util.h(1,1): warning C4828: 文件包含在偏移 0x130 处开始的字符，该字符在当前源字符集中无效(代码页 65001)。
E:\vs项目\练手的\论文查重——第一次软工项目\file_util.h(1,1): warning C4828: 文件包含在偏移 0x131 处开始的字符，该字符在当前源字符集中无效(代码页 65001)。
E:\vs项目\练手的\论文查重——第一次软工项目\file_util.h(1,1): warning C4828: 文件包含在偏移 0x132 处开始的字符，该字符在当前源字符集中无效(代码页 65001)。
E:\vs项目\练手的\论文查重——第一次软工项目\file_util.h(1,1): warning C4828: 文件包含在偏移 0x133 处开始的字符，该字符在当前源字符集中无效(代码页 65001)。
E:\vs项目\练手的\论文查重——第一次软工项目\file_util.h(1,1): warning C4828: 文件包含在偏移 0x134 处开始的字符，该字符在当前源字符集中无效(代码页 65001)。
E:\vs项目\练手的\论文查重——第一次软工项目\file_util.h(1,1): warning C4828: 文件包含在偏移 0x136 处开始的字符，该字符在当前源字符集中无效(代码页 65001)。
E:\vs项目\练手的\论文查重——第一次软工项目\file_util.h(1,1): warning C4828: 文件包含在偏移 0x137 处开始的字符，该字符在当前源字符集中无效(代码页 65001)。
E:\vs项目\练手的\论文查重——第一次软工项目\file_util.h(1,1): warning C4828: 文件包含在偏移 0x138 处开始的字符，该字符在当前源字符集中无效(代码页 65001)。
E:\vs项目\练手的\论文查重——第一次软工项目\file_util.h(1,1): warning C4828: 文件包含在偏移 0x140 处开始的字符，该字符在当前源字符集中无效(代码页 65001)。
E:\vs项目\练手的\论文查重——第一次软工项目\file_util.h(1,1): warning C4828: 文件包含在偏移 0x143 处开始的字符，该字符在当前源字符集中无效(代码页 65001)。
E:\vs项目\练手的\论文查重——第一次软工项目\file_util.h(1,1): warning C4828: 文件包含在偏移 0x146 处开始的字符，该字符在当前源字符集中无效(代码页 65001)。
E:\vs项目\练手的\论文查重——第一次软工项目\file_util.h(1,1): warning C4828: 文件包含在偏移 0x149 处开始的字符，该字符在当前源字符集中无效(代码页 65001)。
E:\vs项目\练手的\论文查重——第一次软工项目\file_util.h(1,1): warning C4828: 文件包含在偏移 0x14a 处开始的字符，该字符在当前源字符集中无效(代码页 65001)。
E:\vs项目\练手的\论文查重——第一次软工项目\file_util.h(1,1): warning C4828: 文件包含在偏移 0x14c 处开始的字符，该字符在当前源字符集中无效(代码页 65001)。
E:\vs项目\练手的\论文查重——第一次软工项目\file_util.h(1,1): warning C4828: 文件包含在偏移 0x14d 处开始的字符，该字符在当前源字符集中无效(代码页 65001)。
E:\vs项目\练手的\论文查重——第一次软工项目\file_util.h(1,1): warning C4828: 文件包含在偏移 0x14e 处开始的字符，该字符在当前源字符集中无效(代码页 65001)。
E:\vs项目\练手的\论文查重——第一次软工项目\file_util.h(1,1): warning C4828: 文件包含在偏移 0x14f 处开始的字符，该字符在当前源字符集中无效(代码页 65001)。
E:\vs项目\练手的\论文查重——第一次软工项目\file_util.h(1,1): warning C4828: 文件包含在偏移 0x156 处开始的字符，该字符在当前源字符集中无效(代码页 65001)。
E:\vs项目\练手的\论文查重——第一次软工项目\file_util.h(1,1): warning C4828: 文件包含在偏移 0x158 处开始的字符，该字符在当前源字符集中无效(代码页 65001)。
E:\vs项目\练手的\论文查重——第一次软工项目\file_util.h(1,1): warning C4828: 文件包含在偏移 0x15b 处开始的字符，该字符在当前源字符集中无效(代码页 65001)。
E:\vs项目\练手的\论文查重——第一次软工项目\file_util.h(1,1): warning C4828: 文件包含在偏移 0x15f 处开始的字符，该字符在当前源字符集中无效(代码页 65001)。
E:\vs项目\练手的\论文查重——第一次软工项目\file_util.h(1,1): warning C4828: 文件包含在偏移 0x162 处开始的字符，该字符在当前源字符集中无效(代码页 65001)。
E:\vs项目\练手的\论文查重——第一次软工项目\file_util.h(1,1): warning C4828: 文件包含在偏移 0x163 处开始的字符，该字符在当前源字符集中无效(代码页 65001)。
E:\vs项目\练手的\论文查重——第一次软工项目\file_util.h(1,1): warning C4828: 文件包含在偏移 0x164 处开始的字符，该字符在当前源字符集中无效(代码页 65001)。
E:\vs项目\练手的\论文查重——第一次软工项目\file_util.h(1,1): warning C4828: 文件包含在偏移 0x166 处开始的字符，该字符在当前源字符集中无效(代码页 65001)。
E:\vs项目\练手的\论文查重——第一次软工项目\file_util.h(1,1): warning C4828: 文件包含在偏移 0x168 处开始的字符，该字符在当前源字符集中无效(代码页 65001)。
E:\vs项目\练手的\论文查重——第一次软工项目\file_util.h(1,1): warning C4828: 文件包含在偏移 0x16a 处开始的字符，该字符在当前源字符集中无效(代码页 65001)。
E:\vs项目\练手的\论文查重——第一次软工项目\file_util.h(1,1): warning C4828: 文件包含在偏移 0x16c 处开始的字符，该字符在当前源字符集中无效(代码页 65001)。
E:\vs项目\练手的\论文查重——第一次软工项目\file_util.h(1,1): warning C4828: 文件包含在偏移 0x16d 处开始的字符，该字符在当前源字符集中无效(代码页 65001)。
E:\vs项目\练手的\论文查重——第一次软工项目\file_util.h(1,1): warning C4828: 文件包含在偏移 0x16e 处开始的字符，该字符在当前源字符集中无效(代码页 65001)。
E:\vs项目\练手的\论文查重——第一次软工项目\file_util.h(1,1): warning C4828: 文件包含在偏移 0x16f 处开始的字符，该字符在当前源字符集中无效(代码页 65001)。
E:\vs项目\练手的\论文查重——第一次软工项目\file_util.h(1,1): warning C4828: 文件包含在偏移 0x170 处开始的字符，该字符在当前源字符集中无效(代码页 65001)。
E:\vs项目\练手的\论文查重——第一次软工项目\file_util.h(1,1): warning C4828: 文件包含在偏移 0x171 处开始的字符，该字符在当前源字符集中无效(代码页 65001)。
E:\vs项目\练手的\论文查重——第一次软工项目\file_util.h(1,1): warning C4828: 文件包含在偏移 0x173 处开始的字符，该字符在当前源字符集中无效(代码页 65001)。
E:\vs项目\练手的\论文查重——第一次软工项目\file_util.h(1,1): warning C4828: 文件包含在偏移 0x17b 处开始的字符，该字符在当前源字符集中无效(代码页 65001)。
E:\vs项目\练手的\论文查重——第一次软工项目\file_util.h(1,1): warning C4828: 文件包含在偏移 0x17c 处开始的字符，该字符在当前源字符集中无效(代码页 65001)。
E:\vs项目\练手的\论文查重——第一次软工项目\file_util.h(1,1): warning C4828: 文件包含在偏移 0x17f 处开始的字符，该字符在当前源字符集中无效(代码页 65001)。
E:\vs项目\练手的\论文查重——第一次软工项目\file_util.h(1,1): warning C4828: 文件包含在偏移 0x181 处开始的字符，该字符在当前源字符集中无效(代码页 65001)。
E:\vs项目\练手的\论文查重——第一次软工项目\file_util.h(1,1): warning C4828: 文件包含在偏移 0x182 处开始的字符，该字符在当前源字符集中无效(代码页 65001)。
E:\vs项目\练手的\论文查重——第一次软工项目\file_util.h(1,1): warning C4828: 文件包含在偏移 0x183 处开始的字符，该字符在当前源字符集中无效(代码页 65001)。
E:\vs项目\练手的\论文查重——第一次软工项目\file_util.h(1,1): warning C4828: 文件包含在偏移 0x185 处开始的字符，该字符在当前源字符集中无效(代码页 65001)。
E:\vs项目\练手的\论文查重——第一次软工项目\file_util.h(1,1): warning C4828: 文件包含在偏移 0x186 处开始的字符，该字符在当前源字符集中无效(代码页 65001)。
E:\vs项目\练手的\论文查重——第一次软工项目\file_util.h(1,1): warning C4828: 文件包含在偏移 0x188 处开始的字符，该字符在当前源字符集中无效(代码页 65001)。
E:\vs项目\练手的\论文查重——第一次软工项目\file_util.h(1,1): warning C4828: 文件包含在偏移 0x189 处开始的字符，该字符在当前源字符集中无效(代码页 65001)。
E:\vs项目\练手的\论文查重——第一次软工项目\file_util.h(1,1): warning C4828: 文件包含在偏移 0x18a 处开始的字符，该字符在当前源字符集中无效(代码页 65001)。
E:\vs项目\练手的\论文查重——第一次软工项目\file_util.h(1,1): warning C4828: 文件包含在偏移 0x18b 处开始的字符，该字符在当前源字符集中无效(代码页 65001)。
E:\vs项目\练手的\论文查重——第一次软工项目\file_util.h(1,1): warning C4828: 文件包含在偏移 0x18d 处开始的字符，该字符在当前源字符集中无效(代码页 65001)。
E:\vs项目\练手的\论文查重——第一次软工项目\file_util.h(1,1): warning C4828: 文件包含在偏移 0x18f 处开始的字符，该字符在当前源字符集中无效(代码页 65001)。
E:\vs项目\练手的\论文查重——第一次软工项目\file_util.h(1,1): warning C4828: 文件包含在偏移 0x190 处开始的字符，该字符在当前源字符集中无效(代码页 65001)。
E:\vs项目\练手的\论文查重——第一次软工项目\file_util.h(1,1): warning C4828: 文件包含在偏移 0x191 处开始的字符，该字符在当前源字符集中无效(代码页 65001)。
E:\vs项目\练手的\论文查重——第一次软工项目\file_util.h(1,1): warning C4828: 文件包含在偏移 0x192 处开始的字符，该字符在当前源字符集中无效(代码页 65001)。
E:\vs项目\练手的\论文查重——第一次软工项目\file_util.h(1,1): warning C4828: 文件包含在偏移 0x193 处开始的字符，该字符在当前源字符集中无效(代码页 65001)。
E:\vs项目\练手的\论文查重——第一次软工项目\file_util.h(1,1): warning C4828: 文件包含在偏移 0x195 处开始的字符，该字符在当前源字符集中无效(代码页 65001)。
E:\vs项目\练手的\论文查重——第一次软工项目\file_util.h(1,1): warning C4828: 文件包含在偏移 0x197 处开始的字符，该字符在当前源字符集中无效(代码页 65001)。
E:\vs项目\练手的\论文查重——第一次软工项目\file_util.h(1,1): warning C4828: 文件包含在偏移 0x198 处开始的字符，该字符在当前源字符集中无效(代码页 65001)。
E:\vs项目\练手的\论文查重——第一次软工项目\file_util.h(1,1): warning C4828: 文件包含在偏移 0x199 处开始的字符，该字符在当前源字符集中无效(代码页 65001)。
E:\vs项目\练手的\论文查重——第一次软工项目\file_util.h(1,1): warning C4828: 文件包含在偏移 0x19a 处开始的字符，该字符在当前源字符集中无效(代码页 65001)。
E:\vs项目\练手的\论文查重——第一次软工项目\file_util.h(1,1): warning C4828: 文件包含在偏移 0x19b 处开始的字符，该字符在当前源字符集中无效(代码页 65001)。
E:\vs项目\练手的\论文查重——第一次软工项目\file_util.h(1,1): warning C4828: 文件包含在偏移 0x19f 处开始的字符，该字符在当前源字符集中无效(代码页 65001)。
E:\vs项目\练手的\论文查重——第一次软工项目\file_util.h(1,1): warning C4828: 文件包含在偏移 0x1a0 处开始的字符，该字符在当前源字符集中无效(代码页 65001)。
E:\vs项目\练手的\论文查重——第一次软工项目\file_util.h(1,1): warning C4828: 文件包含在偏移 0x1a1 处开始的字符，该字符在当前源字符集中无效(代码页 65001)。
E:\vs项目\练手的\论文查重——第一次软工项目\file_util.h(1,1): warning C4828: 文件包含在偏移 0x1a2 处开始的字符，该字符在当前源字符集中无效(代码页 65001)。
E:\vs项目\练手的\论文查重——第一次软工项目\file_util.h(1,1): warning C4828: 文件包含在偏移 0x1e4 处开始的字符，该字符在当前源字符集中无效(代码页 65001)。
E:\vs项目\练手的\论文查重——第一次软工项目\file_util.h(1,1): warning C4828: 文件包含在偏移 0x1e5 处开始的字符，该字符在当前源字符集中无效(代码页 65001)。
E:\vs项目\练手的\论文查重——第一次软工项目\file_util.h(1,1): warning C4828: 文件包含在偏移 0x1e8 处开始的字符，该字符在当前源字符集中无效(代码页 65001)。
E:\vs项目\练手的\论文查重——第一次软工项目\file_util.h(1,1): warning C4828: 文件包含在偏移 0x1e9 处开始的字符，该字符在当前源字符集中无效(代码页 65001)。
E:\vs项目\练手的\论文查重——第一次软工项目\file_util.h(1,1): warning C4828: 文件包含在偏移 0x1ea 处开始的字符，该字符在当前源字符集中无效(代码页 65001)。
E:\vs项目\练手的\论文查重——第一次软工项目\file_util.h(1,1): warning C4828: 文件包含在偏移 0x1eb 处开始的字符，该字符在当前源字符集中无效(代码页 65001)。
E:\vs项目\练手的\论文查重——第一次软工项目\file_util.h(1,1): warning C4828: 文件包含在偏移 0x1ef 处开始的字符，该字符在当前源字符集中无效(代码页 65001)。
E:\vs项目\练手的\论文查重——第一次软工项目\file_util.h(1,1): warning C4828: 文件包含在偏移 0x1f0 处开始的字符，该字符在当前源字符集中无效(代码页 65001)。
E:\vs项目\练手的\论文查重——第一次软工项目\file_util.h(1,1): warning C4828: 文件包含在偏移 0x1f1 处开始的字符，该字符在当前源字符集中无效(代码页 65001)。
E:\vs项目\练手的\论文查重——第一次软工项目\file_util.h(1,1): warning C4828: 文件包含在偏移 0x1f4 处开始的字符，该字符在当前源字符集中无效(代码页 65001)。
E:\vs项目\练手的\论文查重——第一次软工项目\file_util.h(1,1): warning C4828: 文件包含在偏移 0x1f8 处开始的字符，该字符在当前源字符集中无效(代码页 65001)。
E:\vs项目\练手的\论文查重——第一次软工项目\file_util.h(1,1): warning C4828: 文件包含在偏移 0x1f9 处开始的字符，该字符在当前源字符集中无效(代码页 65001)。
E:\vs项目\练手的\论文查重——第一次软工项目\file_util.h(1,1): warning C4828: 文件包含在偏移 0x1fc 处开始的字符，该字符在当前源字符集中无效(代码页 65001)。
E:\vs项目\练手的\论文查重——第一次软工项目\file_util.h(1,1): warning C4828: 文件包含在偏移 0x1fd 处开始的字符，该字符在当前源字符集中无效(代码页 65001)。
E:\vs项目\练手的\论文查重——第一次软工项目\file_util.h(1,1): warning C4828: 文件包含在偏移 0x1fe 处开始的字符，该字符在当前源字符集中无效(代码页 65001)。
E:\vs项目\练手的\论文查重——第一次软工项目\file_util.h(1,1): warning C4828: 文件包含在偏移 0x200 处开始的字符，该字符在当前源字符集中无效(代码页 65001)。
E:\vs项目\练手的\论文查重——第一次软工项目\file_util.h(1,1): warning C4828: 文件包含在偏移 0x201 处开始的字符，该字符在当前源字符集中无效(代码页 65001)。
E:\vs项目\练手的\论文查重——第一次软工项目\file_util.h(1,1): warning C4828: 文件包含在偏移 0x202 处开始的字符，该字符在当前源字符集中无效(代码页 65001)。
E:\vs项目\练手的\论文查重——第一次软工项目\file_util.h(1,1): warning C4828: 文件包含在偏移 0x203 处开始的字符，该字符在当前源字符集中无效(代码页 65001)。
E:\vs项目\练手的\论文查重——第一次软工项目\file_util.h(1,1): warning C4828: 文件包含在偏移 0x204 处开始的字符，该字符在当前源字符集中无效(代码页 65001)。
E:\vs项目\练手的\论文查重——第一次软工项目\file_util.h(1,1): warning C4828: 文件包含在偏移 0x205 处开始的字符，该字符在当前源字符集中无效(代码页 65001)。
E:\vs项目\练手的\论文查重——第一次软工项目\file_util.h(1,1): warning C4828: 文件包含在偏移 0x209 处开始的字符，该字符在当前源字符集中无效(代码页 65001)。
E:\vs项目\练手的\论文查重——第一次软工项目\file_util.h(1,1): warning C4828: 文件包含在偏移 0x20d 处开始的字符，该字符在当前源字符集中无效(代码页 65001)。
E:\vs项目\练手的\论文查重——第一次软工项目\file_util.h(1,1): warning C4828: 文件包含在偏移 0x20e 处开始的字符，该字符在当前源字符集中无效(代码页 65001)。
E:\vs项目\练手的\论文查重——第一次软工项目\file_util.h(1,1): warning C4828: 文件包含在偏移 0x211 处开始的字符，该字符在当前源字符集中无效(代码页 65001)。
E:\vs项目\练手的\论文查重——第一次软工项目\file_util.h(1,1): warning C4828: 文件包含在偏移 0x212 处开始的字符，该字符在当前源字符集中无效(代码页 65001)。
E:\vs项目\练手的\论文查重——第一次软工项目\file_util.h(1,1): warning C4828: 文件包含在偏移 0x213 处开始的字符，该字符在当前源字符集中无效(代码页 65001)。
E:\vs项目\练手的\论文查重——第一次软工项目\file_util.h(1,1): warning C4828: 文件包含在偏移 0x26d 处开始的字符，该字符在当前源字符集中无效(代码页 65001)。
E:\vs项目\练手的\论文查重——第一次软工项目\file_util.h(1,1): warning C4828: 文件包含在偏移 0x26e 处开始的字符，该字符在当前源字符集中无效(代码页 65001)。
E:\vs项目\练手的\论文查重——第一次软工项目\file_util.h(1,1): warning C4828: 文件包含在偏移 0x273 处开始的字符，该字符在当前源字符集中无效(代码页 65001)。
E:\vs项目\练手的\论文查重——第一次软工项目\file_util.h(1,1): warning C4828: 文件包含在偏移 0x274 处开始的字符，该字符在当前源字符集中无效(代码页 65001)。
E:\vs项目\练手的\论文查重——第一次软工项目\file_util.h(1,1): warning C4828: 文件包含在偏移 0x277 处开始的字符，该字符在当前源字符集中无效(代码页 65001)。
E:\vs项目\练手的\论文查重——第一次软工项目\file_util.h(1,1): warning C4828: 文件包含在偏移 0x278 处开始的字符，该字符在当前源字符集中无效(代码页 65001)。
E:\vs项目\练手的\论文查重——第一次软工项目\file_util.h(1,1): warning C4828: 文件包含在偏移 0x279 处开始的字符，该字符在当前源字符集中无效(代码页 65001)。
E:\vs项目\练手的\论文查重——第一次软工项目\file_util.h(1,1): warning C4828: 文件包含在偏移 0x27a 处开始的字符，该字符在当前源字符集中无效(代码页 65001)。
E:\vs项目\练手的\论文查重——第一次软工项目\file_util.h(1,1): warning C4828: 文件包含在偏移 0x27e 处开始的字符，该字符在当前源字符集中无效(代码页 65001)。
E:\vs项目\练手的\论文查重——第一次软工项目\file_util.h(1,1): warning C4828: 文件包含在偏移 0x27f 处开始的字符，该字符在当前源字符集中无效(代码页 65001)。
E:\vs项目\练手的\论文查重——第一次软工项目\file_util.h(1,1): warning C4828: 文件包含在偏移 0x281 处开始的字符，该字符在当前源字符集中无效(代码页 65001)。
E:\vs项目\练手的\论文查重——第一次软工项目\file_util.h(1,1): warning C4828: 文件包含在偏移 0x282 处开始的字符，该字符在当前源字符集中无效(代码页 65001)。
E:\vs项目\练手的\论文查重——第一次软工项目\file_util.h(1,1): warning C4828: 文件包含在偏移 0x288 处开始的字符，该字符在当前源字符集中无效(代码页 65001)。
E:\vs项目\练手的\论文查重——第一次软工项目\file_util.h(1,1): warning C4828: 文件包含在偏移 0x289 处开始的字符，该字符在当前源字符集中无效(代码页 65001)。
E:\vs项目\练手的\论文查重——第一次软工项目\file_util.h(1,1): warning C4828: 文件包含在偏移 0x28a 处开始的字符，该字符在当前源字符集中无效(代码页 65001)。
E:\vs项目\练手的\论文查重——第一次软工项目\file_util.h(1,1): warning C4828: 文件包含在偏移 0x28b 处开始的字符，该字符在当前源字符集中无效(代码页 65001)。
E:\vs项目\练手的\论文查重——第一次软工项目\file_util.h(1,1): warning C4828: 文件包含在偏移 0x28c 处开始的字符，该字符在当前源字符集中无效(代码页 65001)。
E:\vs项目\练手的\论文查重——第一次软工项目\file_util.h(1,1): warning C4828: 文件包含在偏移 0x28e 处开始的字符，该字符在当前源字符集中无效(代码页 65001)。
E:\vs项目\练手的\论文查重——第一次软工项目\file_util.h(1,1): warning C4828: 文件包含在偏移 0x28f 处开始的字符，该字符在当前源字符集中无效(代码页 65001)。
E:\vs项目\练手的\论文查重——第一次软工项目\file_util.h(1,1): warning C4828: 文件包含在偏移 0x290 处开始的字符，该字符在当前源字符集中无效(代码页 65001)。
E:\vs项目\练手的\论文查重——第一次软工项目\file_util.h(1,1): warning C4828: 文件包含在偏移 0x294 处开始的字符，该字符在当前源字符集中无效(代码页 65001)。
E:\vs项目\练手的\论文查重——第一次软工项目\file_util.h(1,1): warning C4828: 文件包含在偏移 0x297 处开始的字符，该字符在当前源字符集中无效(代码页 65001)。
E:\vs项目\练手的\论文查重——第一次软工项目\file_util.h(1,1): warning C4828: 文件包含在偏移 0x298 处开始的字符，该字符在当前源字符集中无效(代码页 65001)。
E:\vs项目\练手的\论文查重——第一次软工项目\file_util.h(1,1): warning C4828: 文件包含在偏移 0x29b 处开始的字符，该字符在当前源字符集中无效(代码页 65001)。
E:\vs项目\练手的\论文查重——第一次软工项目\file_util.h(1,1): warning C4828: 文件包含在偏移 0x29c 处开始的字符，该字符在当前源字符集中无效(代码页 65001)。
E:\vs项目\练手的\论文查重——第一次软工项目\text_processor.h(1,1): warning C4828: 文件包含在偏移 0x85 处开始的字符，该字符在当前源字符集中无效(代码页 65001)。
E:\vs项目\练手的\论文查重——第一次软工项目\text_processor.h(1,1): warning C4828: 文件包含在偏移 0x87 处开始的字符，该字符在当前源字符集中无效(代码页 65001)。
E:\vs项目\练手的\论文查重——第一次软工项目\text_processor.h(1,1): warning C4828: 文件包含在偏移 0x88 处开始的字符，该字符在当前源字符集中无效(代码页 65001)。
E:\vs项目\练手的\论文查重——第一次软工项目\text_processor.h(1,1): warning C4828: 文件包含在偏移 0x89 处开始的字符，该字符在当前源字符集中无效(代码页 65001)。
E:\vs项目\练手的\论文查重——第一次软工项目\text_processor.h(1,1): warning C4828: 文件包含在偏移 0x8a 处开始的字符，该字符在当前源字符集中无效(代码页 65001)。
E:\vs项目\练手的\论文查重——第一次软工项目\text_processor.h(1,1): warning C4828: 文件包含在偏移 0x8b 处开始的字符，该字符在当前源字符集中无效(代码页 65001)。
E:\vs项目\练手的\论文查重——第一次软工项目\text_processor.h(1,1): warning C4828: 文件包含在偏移 0x8c 处开始的字符，该字符在当前源字符集中无效(代码页 65001)。
E:\vs项目\练手的\论文查重——第一次软工项目\text_processor.h(1,1): warning C4828: 文件包含在偏移 0x8f 处开始的字符，该字符在当前源字符集中无效(代码页 65001)。
E:\vs项目\练手的\论文查重——第一次软工项目\text_processor.h(1,1): warning C4828: 文件包含在偏移 0x93 处开始的字符，该字符在当前源字符集中无效(代码页 65001)。
E:\vs项目\练手的\论文查重——第一次软工项目\text_processor.h(1,1): warning C4828: 文件包含在偏移 0x95 处开始的字符，该字符在当前源字符集中无效(代码页 65001)。
E:\vs项目\练手的\论文查重——第一次软工项目\text_processor.h(1,1): warning C4828: 文件包含在偏移 0x97 处开始的字符，该字符在当前源字符集中无效(代码页 65001)。
E:\vs项目\练手的\论文查重——第一次软工项目\text_processor.h(1,1): warning C4828: 文件包含在偏移 0x99 处开始的字符，该字符在当前源字符集中无效(代码页 65001)。
E:\vs项目\练手的\论文查重——第一次软工项目\text_processor.h(1,1): warning C4828: 文件包含在偏移 0x9b 处开始的字符，该字符在当前源字符集中无效(代码页 65001)。
E:\vs项目\练手的\论文查重——第一次软工项目\text_processor.h(1,1): warning C4828: 文件包含在偏移 0xa0 处开始的字符，该字符在当前源字符集中无效(代码页 65001)。
E:\vs项目\练手的\论文查重——第一次软工项目\text_processor.h(1,1): warning C4828: 文件包含在偏移 0xa4 处开始的字符，该字符在当前源字符集中无效(代码页 65001)。
E:\vs项目\练手的\论文查重——第一次软工项目\text_processor.h(1,1): warning C4828: 文件包含在偏移 0xa7 处开始的字符，该字符在当前源字符集中无效(代码页 65001)。
E:\vs项目\练手的\论文查重——第一次软工项目\text_processor.h(1,1): warning C4828: 文件包含在偏移 0xa8 处开始的字符，该字符在当前源字符集中无效(代码页 65001)。
E:\vs项目\练手的\论文查重——第一次软工项目\text_processor.h(1,1): warning C4828: 文件包含在偏移 0xa9 处开始的字符，该字符在当前源字符集中无效(代码页 65001)。
E:\vs项目\练手的\论文查重——第一次软工项目\text_processor.h(1,1): warning C4828: 文件包含在偏移 0xaa 处开始的字符，该字符在当前源字符集中无效(代码页 65001)。
E:\vs项目\练手的\论文查重——第一次软工项目\text_processor.h(1,1): warning C4828: 文件包含在偏移 0xda 处开始的字符，该字符在当前源字符集中无效(代码页 65001)。
E:\vs项目\练手的\论文查重——第一次软工项目\text_processor.h(1,1): warning C4828: 文件包含在偏移 0xdd 处开始的字符，该字符在当前源字符集中无效(代码页 65001)。
E:\vs项目\练手的\论文查重——第一次软工项目\text_processor.h(1,1): warning C4828: 文件包含在偏移 0xdf 处开始的字符，该字符在当前源字符集中无效(代码页 65001)。
E:\vs项目\练手的\论文查重——第一次软工项目\text_processor.h(1,1): warning C4828: 文件包含在偏移 0xe3 处开始的字符，该字符在当前源字符集中无效(代码页 65001)。
E:\vs项目\练手的\论文查重——第一次软工项目\text_processor.h(1,1): warning C4828: 文件包含在偏移 0x11f 处开始的字符，该字符在当前源字符集中无效(代码页 65001)。
E:\vs项目\练手的\论文查重——第一次软工项目\text_processor.h(1,1): warning C4828: 文件包含在偏移 0x121 处开始的字符，该字符在当前源字符集中无效(代码页 65001)。
E:\vs项目\练手的\论文查重——第一次软工项目\text_processor.h(1,1): warning C4828: 文件包含在偏移 0x124 处开始的字符，该字符在当前源字符集中无效(代码页 65001)。
E:\vs项目\练手的\论文查重——第一次软工项目\text_processor.h(1,1): warning C4828: 文件包含在偏移 0x125 处开始的字符，该字符在当前源字符集中无效(代码页 65001)。
E:\vs项目\练手的\论文查重——第一次软工项目\text_processor.h(1,1): warning C4828: 文件包含在偏移 0x126 处开始的字符，该字符在当前源字符集中无效(代码页 65001)。
E:\vs项目\练手的\论文查重——第一次软工项目\text_processor.h(1,1): warning C4828: 文件包含在偏移 0x163 处开始的字符，该字符在当前源字符集中无效(代码页 65001)。
E:\vs项目\练手的\论文查重——第一次软工项目\text_processor.h(1,1): warning C4828: 文件包含在偏移 0x164 处开始的字符，该字符在当前源字符集中无效(代码页 65001)。
E:\vs项目\练手的\论文查重——第一次软工项目\text_processor.h(1,1): warning C4828: 文件包含在偏移 0x166 处开始的字符，该字符在当前源字符集中无效(代码页 65001)。
E:\vs项目\练手的\论文查重——第一次软工项目\text_processor.h(1,1): warning C4828: 文件包含在偏移 0x168 处开始的字符，该字符在当前源字符集中无效(代码页 65001)。
E:\vs项目\练手的\论文查重——第一次软工项目\text_processor.h(1,1): warning C4828: 文件包含在偏移 0x169 处开始的字符，该字符在当前源字符集中无效(代码页 65001)。
E:\vs项目\练手的\论文查重——第一次软工项目\text_processor.h(1,1): warning C4828: 文件包含在偏移 0x16b 处开始的字符，该字符在当前源字符集中无效(代码页 65001)。
E:\vs项目\练手的\论文查重——第一次软工项目\text_processor.h(1,1): warning C4828: 文件包含在偏移 0x16c 处开始的字符，该字符在当前源字符集中无效(代码页 65001)。
E:\vs项目\练手的\论文查重——第一次软工项目\text_processor.h(1,1): warning C4828: 文件包含在偏移 0x1be 处开始的字符，该字符在当前源字符集中无效(代码页 65001)。
E:\vs项目\练手的\论文查重——第一次软工项目\text_processor.h(1,1): warning C4828: 文件包含在偏移 0x1bf 处开始的字符，该字符在当前源字符集中无效(代码页 65001)。
E:\vs项目\练手的\论文查重——第一次软工项目\text_processor.h(1,1): warning C4828: 文件包含在偏移 0x1c0 处开始的字符，该字符在当前源字符集中无效(代码页 65001)。
E:\vs项目\练手的\论文查重——第一次软工项目\text_processor.h(1,1): warning C4828: 文件包含在偏移 0x1c2 处开始的字符，该字符在当前源字符集中无效(代码页 65001)。
E:\vs项目\练手的\论文查重——第一次软工项目\text_processor.h(1,1): warning C4828: 文件包含在偏移 0x1c3 处开始的字符，该字符在当前源字符集中无效(代码页 65001)。
E:\vs项目\练手的\论文查重——第一次软工项目\text_processor.h(1,1): warning C4828: 文件包含在偏移 0x1c4 处开始的字符，该字符在当前源字符集中无效(代码页 65001)。
E:\vs项目\练手的\论文查重——第一次软工项目\text_processor.h(1,1): warning C4828: 文件包含在偏移 0x1c6 处开始的字符，该字符在当前源字符集中无效(代码页 65001)。
E:\vs项目\练手的\论文查重——第一次软工项目\text_processor.h(1,1): warning C4828: 文件包含在偏移 0x1c7 处开始的字符，该字符在当前源字符集中无效(代码页 65001)。
E:\vs项目\练手的\论文查重——第一次软工项目\text_processor.h(1,1): warning C4828: 文件包含在偏移 0x1c8 处开始的字符，该字符在当前源字符集中无效(代码页 65001)。
E:\vs项目\练手的\论文查重——第一次软工项目\text_processor.h(1,1): warning C4828: 文件包含在偏移 0x1ce 处开始的字符，该字符在当前源字符集中无效(代码页 65001)。
E:\vs项目\练手的\论文查重——第一次软工项目\text_processor.h(1,1): warning C4828: 文件包含在偏移 0x1cf 处开始的字符，该字符在当前源字符集中无效(代码页 65001)。
E:\vs项目\练手的\论文查重——第一次软工项目\text_processor.h(1,1): warning C4828: 文件包含在偏移 0x1d0 处开始的字符，该字符在当前源字符集中无效(代码页 65001)。
E:\vs项目\练手的\论文查重——第一次软工项目\text_processor.h(1,1): warning C4828: 文件包含在偏移 0x1d3 处开始的字符，该字符在当前源字符集中无效(代码页 65001)。
E:\vs项目\练手的\论文查重——第一次软工项目\text_processor.h(1,1): warning C4828: 文件包含在偏移 0x1d6 处开始的字符，该字符在当前源字符集中无效(代码页 65001)。
E:\vs项目\练手的\论文查重——第一次软工项目\text_processor.h(1,1): warning C4828: 文件包含在偏移 0x1d7 处开始的字符，该字符在当前源字符集中无效(代码页 65001)。
E:\vs项目\练手的\论文查重——第一次软工项目\text_processor.h(1,1): warning C4828: 文件包含在偏移 0x2b3 处开始的字符，该字符在当前源字符集中无效(代码页 65001)。
E:\vs项目\练手的\论文查重——第一次软工项目\text_processor.h(1,1): warning C4828: 文件包含在偏移 0x2b5 处开始的字符，该字符在当前源字符集中无效(代码页 65001)。
E:\vs项目\练手的\论文查重——第一次软工项目\text_processor.h(1,1): warning C4828: 文件包含在偏移 0x2b6 处开始的字符，该字符在当前源字符集中无效(代码页 65001)。
E:\vs项目\练手的\论文查重——第一次软工项目\text_processor.h(1,1): warning C4828: 文件包含在偏移 0x2b7 处开始的字符，该字符在当前源字符集中无效(代码页 65001)。
E:\vs项目\练手的\论文查重——第一次软工项目\text_processor.h(1,1): warning C4828: 文件包含在偏移 0x2b8 处开始的字符，该字符在当前源字符集中无效(代码页 65001)。
E:\vs项目\练手的\论文查重——第一次软工项目\text_processor.h(1,1): warning C4828: 文件包含在偏移 0x2b9 处开始的字符，该字符在当前源字符集中无效(代码页 65001)。
E:\vs项目\练手的\论文查重——第一次软工项目\text_processor.h(1,1): warning C4828: 文件包含在偏移 0x2dd 处开始的字符，该字符在当前源字符集中无效(代码页 65001)。
E:\vs项目\练手的\论文查重——第一次软工项目\text_processor.h(1,1): warning C4828: 文件包含在偏移 0x2e2 处开始的字符，该字符在当前源字符集中无效(代码页 65001)。
E:\vs项目\练手的\论文查重——第一次软工项目\text_processor.h(1,1): warning C4828: 文件包含在偏移 0x2e3 处开始的字符，该字符在当前源字符集中无效(代码页 65001)。
E:\vs项目\练手的\论文查重——第一次软工项目\text_processor.h(1,1): warning C4828: 文件包含在偏移 0x2e5 处开始的字符，该字符在当前源字符集中无效(代码页 65001)。
E:\vs项目\练手的\论文查重——第一次软工项目\text_processor.h(1,1): warning C4828: 文件包含在偏移 0x2e6 处开始的字符，该字符在当前源字符集中无效(代码页 65001)。
E:\vs项目\练手的\论文查重——第一次软工项目\text_processor.h(1,1): warning C4828: 文件包含在偏移 0x2e7 处开始的字符，该字符在当前源字符集中无效(代码页 65001)。
E:\vs项目\练手的\论文查重——第一次软工项目\text_processor.h(1,1): warning C4828: 文件包含在偏移 0x2e8 处开始的字符，该字符在当前源字符集中无效(代码页 65001)。
E:\vs项目\练手的\论文查重——第一次软工项目\text_processor.h(1,1): warning C4828: 文件包含在偏移 0x2e9 处开始的字符，该字符在当前源字符集中无效(代码页 65001)。
E:\vs项目\练手的\论文查重——第一次软工项目\text_processor.h(1,1): warning C4828: 文件包含在偏移 0x2f0 处开始的字符，该字符在当前源字符集中无效(代码页 65001)。
E:\vs项目\练手的\论文查重——第一次软工项目\text_processor.h(1,1): warning C4828: 文件包含在偏移 0x33e 处开始的字符，该字符在当前源字符集中无效(代码页 65001)。
E:\vs项目\练手的\论文查重——第一次软工项目\text_processor.h(1,1): warning C4828: 文件包含在偏移 0x343 处开始的字符，该字符在当前源字符集中无效(代码页 65001)。
E:\vs项目\练手的\论文查重——第一次软工项目\text_processor.h(1,1): warning C4828: 文件包含在偏移 0x344 处开始的字符，该字符在当前源字符集中无效(代码页 65001)。
E:\vs项目\练手的\论文查重——第一次软工项目\text_processor.h(1,1): warning C4828: 文件包含在偏移 0x345 处开始的字符，该字符在当前源字符集中无效(代码页 65001)。
E:\vs项目\练手的\论文查重——第一次软工项目\text_processor.h(1,1): warning C4828: 文件包含在偏移 0x346 处开始的字符，该字符在当前源字符集中无效(代码页 65001)。
E:\vs项目\练手的\论文查重——第一次软工项目\text_processor.h(1,1): warning C4828: 文件包含在偏移 0x34a 处开始的字符，该字符在当前源字符集中无效(代码页 65001)。
E:\vs项目\练手的\论文查重——第一次软工项目\text_processor.h(1,1): warning C4828: 文件包含在偏移 0x34c 处开始的字符，该字符在当前源字符集中无效(代码页 65001)。
E:\vs项目\练手的\论文查重——第一次软工项目\text_processor.h(1,1): warning C4828: 文件包含在偏移 0x34d 处开始的字符，该字符在当前源字符集中无效(代码页 65001)。
E:\vs项目\练手的\论文查重——第一次软工项目\text_processor.h(1,1): warning C4828: 文件包含在偏移 0x3a2 处开始的字符，该字符在当前源字符集中无效(代码页 65001)。
E:\vs项目\练手的\论文查重——第一次软工项目\text_processor.h(1,1): warning C4828: 文件包含在偏移 0x3a4 处开始的字符，该字符在当前源字符集中无效(代码页 65001)。
E:\vs项目\练手的\论文查重——第一次软工项目\text_processor.h(1,1): warning C4828: 文件包含在偏移 0x3a5 处开始的字符，该字符在当前源字符集中无效(代码页 65001)。
E:\vs项目\练手的\论文查重——第一次软工项目\text_processor.h(1,1): warning C4828: 文件包含在偏移 0x3a8 处开始的字符，该字符在当前源字符集中无效(代码页 65001)。
E:\vs项目\练手的\论文查重——第一次软工项目\text_processor.h(1,1): warning C4828: 文件包含在偏移 0x3a9 处开始的字符，该字符在当前源字符集中无效(代码页 65001)。
E:\vs项目\练手的\论文查重——第一次软工项目\text_processor.h(1,1): warning C4828: 文件包含在偏移 0x3aa 处开始的字符，该字符在当前源字符集中无效(代码页 65001)。
E:\vs项目\练手的\论文查重——第一次软工项目\text_processor.h(1,1): warning C4828: 文件包含在偏移 0x3b0 处开始的字符，该字符在当前源字符集中无效(代码页 65001)。
E:\vs项目\练手的\论文查重——第一次软工项目\text_processor.h(1,1): warning C4828: 文件包含在偏移 0x3b1 处开始的字符，该字符在当前源字符集中无效(代码页 65001)。
E:\vs项目\练手的\论文查重——第一次软工项目\text_processor.h(1,1): warning C4828: 文件包含在偏移 0x3b2 处开始的字符，该字符在当前源字符集中无效(代码页 65001)。
E:\vs项目\练手的\论文查重——第一次软工项目\text_processor.h(1,1): warning C4828: 文件包含在偏移 0x3b3 处开始的字符，该字符在当前源字符集中无效(代码页 65001)。
E:\vs项目\练手的\论文查重——第一次软工项目\text_processor.h(1,1): warning C4828: 文件包含在偏移 0x3b6 处开始的字符，该字符在当前源字符集中无效(代码页 65001)。
E:\vs项目\练手的\论文查重——第一次软工项目\text_processor.h(1,1): warning C4828: 文件包含在偏移 0x3b7 处开始的字符，该字符在当前源字符集中无效(代码页 65001)。
E:\vs项目\练手的\论文查重——第一次软工项目\text_processor.h(1,1): warning C4828: 文件包含在偏移 0x3b8 处开始的字符，该字符在当前源字符集中无效(代码页 65001)。
E:\vs项目\练手的\论文查重——第一次软工项目\text_processor.h(1,1): warning C4828: 文件包含在偏移 0x3bb 处开始的字符，该字符在当前源字符集中无效(代码页 65001)。
E:\vs项目\练手的\论文查重——第一次软工项目\text_processor.h(1,1): warning C4828: 文件包含在偏移 0x3be 处开始的字符，该字符在当前源字符集中无效(代码页 65001)。
E:\vs项目\练手的\论文查重——第一次软工项目\text_processor.h(1,1): warning C4828: 文件包含在偏移 0x3bf 处开始的字符，该字符在当前源字符集中无效(代码页 65001)。
E:\vs项目\练手的\论文查重——第一次软工项目\text_processor.h(1,1): warning C4828: 文件包含在偏移 0x3c6 处开始的字符，该字符在当前源字符集中无效(代码页 65001)。
E:\vs项目\练手的\论文查重——第一次软工项目\text_processor.h(1,1): warning C4828: 文件包含在偏移 0x3c7 处开始的字符，该字符在当前源字符集中无效(代码页 65001)。
D:\ThirdParty\Jieba\include\cppjieba\HMMSegment.hpp(162,25): warning C4267: “=”: 从“size_t”转换到“_Ty”，可能丢失数据
          with
          [
              _Ty=int
          ]
D:\ThirdParty\Jieba\include\cppjieba\HMMSegment.hpp(178,16): warning C4267: “初始化”: 从“size_t”转换到“int”，可能丢失数据
E:\vs项目\练手的\论文查重——第一次软工项目\sim_hash.h(1,1): warning C4828: 文件包含在偏移 0x10 处开始的字符，该字符在当前源字符集中无效(代码页 65001)。
E:\vs项目\练手的\论文查重——第一次软工项目\sim_hash.h(1,1): warning C4828: 文件包含在偏移 0x12 处开始的字符，该字符在当前源字符集中无效(代码页 65001)。
E:\vs项目\练手的\论文查重——第一次软工项目\sim_hash.h(1,1): warning C4828: 文件包含在偏移 0x1b 处开始的字符，该字符在当前源字符集中无效(代码页 65001)。
E:\vs项目\练手的\论文查重——第一次软工项目\sim_hash.h(1,1): warning C4828: 文件包含在偏移 0x1c 处开始的字符，该字符在当前源字符集中无效(代码页 65001)。
E:\vs项目\练手的\论文查重——第一次软工项目\sim_hash.h(1,1): warning C4828: 文件包含在偏移 0x1e 处开始的字符，该字符在当前源字符集中无效(代码页 65001)。
E:\vs项目\练手的\论文查重——第一次软工项目\sim_hash.h(1,1): warning C4828: 文件包含在偏移 0x21 处开始的字符，该字符在当前源字符集中无效(代码页 65001)。
E:\vs项目\练手的\论文查重——第一次软工项目\sim_hash.h(1,1): warning C4828: 文件包含在偏移 0x24 处开始的字符，该字符在当前源字符集中无效(代码页 65001)。
E:\vs项目\练手的\论文查重——第一次软工项目\sim_hash.h(1,1): warning C4828: 文件包含在偏移 0x25 处开始的字符，该字符在当前源字符集中无效(代码页 65001)。
E:\vs项目\练手的\论文查重——第一次软工项目\sim_hash.h(1,1): warning C4828: 文件包含在偏移 0x31 处开始的字符，该字符在当前源字符集中无效(代码页 65001)。
E:\vs项目\练手的\论文查重——第一次软工项目\sim_hash.h(1,1): warning C4828: 文件包含在偏移 0x32 处开始的字符，该字符在当前源字符集中无效(代码页 65001)。
E:\vs项目\练手的\论文查重——第一次软工项目\sim_hash.h(1,1): warning C4828: 文件包含在偏移 0x33 处开始的字符，该字符在当前源字符集中无效(代码页 65001)。
E:\vs项目\练手的\论文查重——第一次软工项目\sim_hash.h(1,1): warning C4828: 文件包含在偏移 0x35 处开始的字符，该字符在当前源字符集中无效(代码页 65001)。
E:\vs项目\练手的\论文查重——第一次软工项目\sim_hash.h(1,1): warning C4828: 文件包含在偏移 0x39 处开始的字符，该字符在当前源字符集中无效(代码页 65001)。
E:\vs项目\练手的\论文查重——第一次软工项目\sim_hash.h(1,1): warning C4828: 文件包含在偏移 0x3d 处开始的字符，该字符在当前源字符集中无效(代码页 65001)。
E:\vs项目\练手的\论文查重——第一次软工项目\sim_hash.h(1,1): warning C4828: 文件包含在偏移 0x3f 处开始的字符，该字符在当前源字符集中无效(代码页 65001)。
E:\vs项目\练手的\论文查重——第一次软工项目\sim_hash.h(1,1): warning C4828: 文件包含在偏移 0x40 处开始的字符，该字符在当前源字符集中无效(代码页 65001)。
E:\vs项目\练手的\论文查重——第一次软工项目\sim_hash.h(1,1): warning C4828: 文件包含在偏移 0x41 处开始的字符，该字符在当前源字符集中无效(代码页 65001)。
E:\vs项目\练手的\论文查重——第一次软工项目\sim_hash.h(1,1): warning C4828: 文件包含在偏移 0x43 处开始的字符，该字符在当前源字符集中无效(代码页 65001)。
E:\vs项目\练手的\论文查重——第一次软工项目\sim_hash.h(1,1): warning C4828: 文件包含在偏移 0x44 处开始的字符，该字符在当前源字符集中无效(代码页 65001)。
E:\vs项目\练手的\论文查重——第一次软工项目\sim_hash.h(1,1): warning C4828: 文件包含在偏移 0x45 处开始的字符，该字符在当前源字符集中无效(代码页 65001)。
E:\vs项目\练手的\论文查重——第一次软工项目\sim_hash.h(1,1): warning C4828: 文件包含在偏移 0x47 处开始的字符，该字符在当前源字符集中无效(代码页 65001)。
E:\vs项目\练手的\论文查重——第一次软工项目\sim_hash.h(1,1): warning C4828: 文件包含在偏移 0x49 处开始的字符，该字符在当前源字符集中无效(代码页 65001)。
E:\vs项目\练手的\论文查重——第一次软工项目\sim_hash.h(1,1): warning C4828: 文件包含在偏移 0x4a 处开始的字符，该字符在当前源字符集中无效(代码页 65001)。
E:\vs项目\练手的\论文查重——第一次软工项目\sim_hash.h(1,1): warning C4828: 文件包含在偏移 0x4b 处开始的字符，该字符在当前源字符集中无效(代码页 65001)。
E:\vs项目\练手的\论文查重——第一次软工项目\sim_hash.h(1,1): warning C4828: 文件包含在偏移 0x4c 处开始的字符，该字符在当前源字符集中无效(代码页 65001)。
E:\vs项目\练手的\论文查重——第一次软工项目\sim_hash.h(1,1): warning C4828: 文件包含在偏移 0x4d 处开始的字符，该字符在当前源字符集中无效(代码页 65001)。
E:\vs项目\练手的\论文查重——第一次软工项目\sim_hash.h(1,1): warning C4828: 文件包含在偏移 0x4f 处开始的字符，该字符在当前源字符集中无效(代码页 65001)。
E:\vs项目\练手的\论文查重——第一次软工项目\sim_hash.h(1,1): warning C4828: 文件包含在偏移 0x51 处开始的字符，该字符在当前源字符集中无效(代码页 65001)。
E:\vs项目\练手的\论文查重——第一次软工项目\sim_hash.h(1,1): warning C4828: 文件包含在偏移 0x52 处开始的字符，该字符在当前源字符集中无效(代码页 65001)。
E:\vs项目\练手的\论文查重——第一次软工项目\sim_hash.h(1,1): warning C4828: 文件包含在偏移 0x56 处开始的字符，该字符在当前源字符集中无效(代码页 65001)。
E:\vs项目\练手的\论文查重——第一次软工项目\sim_hash.h(1,1): warning C4828: 文件包含在偏移 0x58 处开始的字符，该字符在当前源字符集中无效(代码页 65001)。
E:\vs项目\练手的\论文查重——第一次软工项目\sim_hash.h(1,1): warning C4828: 文件包含在偏移 0x5b 处开始的字符，该字符在当前源字符集中无效(代码页 65001)。
E:\vs项目\练手的\论文查重——第一次软工项目\sim_hash.h(1,1): warning C4828: 文件包含在偏移 0x5d 处开始的字符，该字符在当前源字符集中无效(代码页 65001)。
E:\vs项目\练手的\论文查重——第一次软工项目\sim_hash.h(1,1): warning C4828: 文件包含在偏移 0x60 处开始的字符，该字符在当前源字符集中无效(代码页 65001)。
E:\vs项目\练手的\论文查重——第一次软工项目\sim_hash.h(1,1): warning C4828: 文件包含在偏移 0x61 处开始的字符，该字符在当前源字符集中无效(代码页 65001)。
E:\vs项目\练手的\论文查重——第一次软工项目\sim_hash.h(1,1): warning C4828: 文件包含在偏移 0x63 处开始的字符，该字符在当前源字符集中无效(代码页 65001)。
E:\vs项目\练手的\论文查重——第一次软工项目\sim_hash.h(1,1): warning C4828: 文件包含在偏移 0x65 处开始的字符，该字符在当前源字符集中无效(代码页 65001)。
E:\vs项目\练手的\论文查重——第一次软工项目\sim_hash.h(1,1): warning C4828: 文件包含在偏移 0x66 处开始的字符，该字符在当前源字符集中无效(代码页 65001)。
E:\vs项目\练手的\论文查重——第一次软工项目\sim_hash.h(1,1): warning C4828: 文件包含在偏移 0x67 处开始的字符，该字符在当前源字符集中无效(代码页 65001)。
E:\vs项目\练手的\论文查重——第一次软工项目\sim_hash.h(1,1): warning C4828: 文件包含在偏移 0x68 处开始的字符，该字符在当前源字符集中无效(代码页 65001)。
E:\vs项目\练手的\论文查重——第一次软工项目\sim_hash.h(1,1): warning C4828: 文件包含在偏移 0x69 处开始的字符，该字符在当前源字符集中无效(代码页 65001)。
E:\vs项目\练手的\论文查重——第一次软工项目\sim_hash.h(1,1): warning C4828: 文件包含在偏移 0x6a 处开始的字符，该字符在当前源字符集中无效(代码页 65001)。
E:\vs项目\练手的\论文查重——第一次软工项目\sim_hash.h(1,1): warning C4828: 文件包含在偏移 0x6b 处开始的字符，该字符在当前源字符集中无效(代码页 65001)。
E:\vs项目\练手的\论文查重——第一次软工项目\sim_hash.h(1,1): warning C4828: 文件包含在偏移 0x6f 处开始的字符，该字符在当前源字符集中无效(代码页 65001)。
E:\vs项目\练手的\论文查重——第一次软工项目\sim_hash.h(1,1): warning C4828: 文件包含在偏移 0x71 处开始的字符，该字符在当前源字符集中无效(代码页 65001)。
E:\vs项目\练手的\论文查重——第一次软工项目\sim_hash.h(1,1): warning C4828: 文件包含在偏移 0x72 处开始的字符，该字符在当前源字符集中无效(代码页 65001)。
E:\vs项目\练手的\论文查重——第一次软工项目\sim_hash.h(1,1): warning C4828: 文件包含在偏移 0x73 处开始的字符，该字符在当前源字符集中无效(代码页 65001)。
E:\vs项目\练手的\论文查重——第一次软工项目\sim_hash.h(1,1): warning C4828: 文件包含在偏移 0x75 处开始的字符，该字符在当前源字符集中无效(代码页 65001)。
E:\vs项目\练手的\论文查重——第一次软工项目\sim_hash.h(1,1): warning C4828: 文件包含在偏移 0x76 处开始的字符，该字符在当前源字符集中无效(代码页 65001)。
E:\vs项目\练手的\论文查重——第一次软工项目\sim_hash.h(1,1): warning C4828: 文件包含在偏移 0x77 处开始的字符，该字符在当前源字符集中无效(代码页 65001)。
E:\vs项目\练手的\论文查重——第一次软工项目\sim_hash.h(1,1): warning C4828: 文件包含在偏移 0x7a 处开始的字符，该字符在当前源字符集中无效(代码页 65001)。
E:\vs项目\练手的\论文查重——第一次软工项目\sim_hash.h(1,1): warning C4828: 文件包含在偏移 0x81 处开始的字符，该字符在当前源字符集中无效(代码页 65001)。
E:\vs项目\练手的\论文查重——第一次软工项目\sim_hash.h(1,1): warning C4828: 文件包含在偏移 0x82 处开始的字符，该字符在当前源字符集中无效(代码页 65001)。
E:\vs项目\练手的\论文查重——第一次软工项目\sim_hash.h(1,1): warning C4828: 文件包含在偏移 0x85 处开始的字符，该字符在当前源字符集中无效(代码页 65001)。
E:\vs项目\练手的\论文查重——第一次软工项目\sim_hash.h(1,1): warning C4828: 文件包含在偏移 0x88 处开始的字符，该字符在当前源字符集中无效(代码页 65001)。
E:\vs项目\练手的\论文查重——第一次软工项目\sim_hash.h(1,1): warning C4828: 文件包含在偏移 0x89 处开始的字符，该字符在当前源字符集中无效(代码页 65001)。
E:\vs项目\练手的\论文查重——第一次软工项目\sim_hash.h(1,1): warning C4828: 文件包含在偏移 0x8a 处开始的字符，该字符在当前源字符集中无效(代码页 65001)。
E:\vs项目\练手的\论文查重——第一次软工项目\sim_hash.h(1,1): warning C4828: 文件包含在偏移 0x8e 处开始的字符，该字符在当前源字符集中无效(代码页 65001)。
E:\vs项目\练手的\论文查重——第一次软工项目\sim_hash.h(1,1): warning C4828: 文件包含在偏移 0x90 处开始的字符，该字符在当前源字符集中无效(代码页 65001)。
E:\vs项目\练手的\论文查重——第一次软工项目\sim_hash.h(1,1): warning C4828: 文件包含在偏移 0x95 处开始的字符，该字符在当前源字符集中无效(代码页 65001)。
E:\vs项目\练手的\论文查重——第一次软工项目\sim_hash.h(1,1): warning C4828: 文件包含在偏移 0x96 处开始的字符，该字符在当前源字符集中无效(代码页 65001)。
E:\vs项目\练手的\论文查重——第一次软工项目\sim_hash.h(1,1): warning C4828: 文件包含在偏移 0x99 处开始的字符，该字符在当前源字符集中无效(代码页 65001)。
E:\vs项目\练手的\论文查重——第一次软工项目\sim_hash.h(1,1): warning C4828: 文件包含在偏移 0x9a 处开始的字符，该字符在当前源字符集中无效(代码页 65001)。
E:\vs项目\练手的\论文查重——第一次软工项目\sim_hash.h(1,1): warning C4828: 文件包含在偏移 0x9b 处开始的字符，该字符在当前源字符集中无效(代码页 65001)。
E:\vs项目\练手的\论文查重——第一次软工项目\sim_hash.h(1,1): warning C4828: 文件包含在偏移 0x9d 处开始的字符，该字符在当前源字符集中无效(代码页 65001)。
E:\vs项目\练手的\论文查重——第一次软工项目\sim_hash.h(1,1): warning C4828: 文件包含在偏移 0x9f 处开始的字符，该字符在当前源字符集中无效(代码页 65001)。
E:\vs项目\练手的\论文查重——第一次软工项目\sim_hash.h(1,1): warning C4828: 文件包含在偏移 0xa1 处开始的字符，该字符在当前源字符集中无效(代码页 65001)。
E:\vs项目\练手的\论文查重——第一次软工项目\sim_hash.h(1,1): warning C4828: 文件包含在偏移 0xa2 处开始的字符，该字符在当前源字符集中无效(代码页 65001)。
E:\vs项目\练手的\论文查重——第一次软工项目\sim_hash.h(1,1): warning C4828: 文件包含在偏移 0xa3 处开始的字符，该字符在当前源字符集中无效(代码页 65001)。
E:\vs项目\练手的\论文查重——第一次软工项目\sim_hash.h(1,1): warning C4828: 文件包含在偏移 0xa4 处开始的字符，该字符在当前源字符集中无效(代码页 65001)。
E:\vs项目\练手的\论文查重——第一次软工项目\sim_hash.h(1,1): warning C4828: 文件包含在偏移 0xa5 处开始的字符，该字符在当前源字符集中无效(代码页 65001)。
E:\vs项目\练手的\论文查重——第一次软工项目\sim_hash.h(1,1): warning C4828: 文件包含在偏移 0xa7 处开始的字符，该字符在当前源字符集中无效(代码页 65001)。
E:\vs项目\练手的\论文查重——第一次软工项目\sim_hash.h(1,1): warning C4828: 文件包含在偏移 0xa8 处开始的字符，该字符在当前源字符集中无效(代码页 65001)。
E:\vs项目\练手的\论文查重——第一次软工项目\sim_hash.h(1,1): warning C4828: 文件包含在偏移 0xac 处开始的字符，该字符在当前源字符集中无效(代码页 65001)。
E:\vs项目\练手的\论文查重——第一次软工项目\sim_hash.h(1,1): warning C4828: 文件包含在偏移 0xb0 处开始的字符，该字符在当前源字符集中无效(代码页 65001)。
E:\vs项目\练手的\论文查重——第一次软工项目\sim_hash.h(1,1): warning C4828: 文件包含在偏移 0xb4 处开始的字符，该字符在当前源字符集中无效(代码页 65001)。
E:\vs项目\练手的\论文查重——第一次软工项目\sim_hash.h(1,1): warning C4828: 文件包含在偏移 0xbd 处开始的字符，该字符在当前源字符集中无效(代码页 65001)。
E:\vs项目\练手的\论文查重——第一次软工项目\sim_hash.h(1,1): warning C4828: 文件包含在偏移 0xbe 处开始的字符，该字符在当前源字符集中无效(代码页 65001)。
E:\vs项目\练手的\论文查重——第一次软工项目\sim_hash.h(1,1): warning C4828: 文件包含在偏移 0xbf 处开始的字符，该字符在当前源字符集中无效(代码页 65001)。
E:\vs项目\练手的\论文查重——第一次软工项目\sim_hash.h(1,1): warning C4828: 文件包含在偏移 0xc1 处开始的字符，该字符在当前源字符集中无效(代码页 65001)。
E:\vs项目\练手的\论文查重——第一次软工项目\sim_hash.h(1,1): warning C4828: 文件包含在偏移 0xc2 处开始的字符，该字符在当前源字符集中无效(代码页 65001)。
E:\vs项目\练手的\论文查重——第一次软工项目\sim_hash.h(1,1): warning C4828: 文件包含在偏移 0xc3 处开始的字符，该字符在当前源字符集中无效(代码页 65001)。
E:\vs项目\练手的\论文查重——第一次软工项目\sim_hash.h(1,1): warning C4828: 文件包含在偏移 0xc4 处开始的字符，该字符在当前源字符集中无效(代码页 65001)。
E:\vs项目\练手的\论文查重——第一次软工项目\sim_hash.h(1,1): warning C4828: 文件包含在偏移 0xc7 处开始的字符，该字符在当前源字符集中无效(代码页 65001)。
E:\vs项目\练手的\论文查重——第一次软工项目\sim_hash.h(1,1): warning C4828: 文件包含在偏移 0xc8 处开始的字符，该字符在当前源字符集中无效(代码页 65001)。
E:\vs项目\练手的\论文查重——第一次软工项目\sim_hash.h(1,1): warning C4828: 文件包含在偏移 0xd6 处开始的字符，该字符在当前源字符集中无效(代码页 65001)。
E:\vs项目\练手的\论文查重——第一次软工项目\sim_hash.h(1,1): warning C4828: 文件包含在偏移 0xd7 处开始的字符，该字符在当前源字符集中无效(代码页 65001)。
E:\vs项目\练手的\论文查重——第一次软工项目\sim_hash.h(1,1): warning C4828: 文件包含在偏移 0xd9 处开始的字符，该字符在当前源字符集中无效(代码页 65001)。
E:\vs项目\练手的\论文查重——第一次软工项目\sim_hash.h(1,1): warning C4828: 文件包含在偏移 0xdb 处开始的字符，该字符在当前源字符集中无效(代码页 65001)。
E:\vs项目\练手的\论文查重——第一次软工项目\sim_hash.h(1,1): warning C4828: 文件包含在偏移 0xdc 处开始的字符，该字符在当前源字符集中无效(代码页 65001)。
E:\vs项目\练手的\论文查重——第一次软工项目\sim_hash.h(1,1): warning C4828: 文件包含在偏移 0xdd 处开始的字符，该字符在当前源字符集中无效(代码页 65001)。
E:\vs项目\练手的\论文查重——第一次软工项目\sim_hash.h(1,1): warning C4828: 文件包含在偏移 0xde 处开始的字符，该字符在当前源字符集中无效(代码页 65001)。
E:\vs项目\练手的\论文查重——第一次软工项目\sim_hash.h(1,1): warning C4828: 文件包含在偏移 0xdf 处开始的字符，该字符在当前源字符集中无效(代码页 65001)。
E:\vs项目\练手的\论文查重——第一次软工项目\sim_hash.h(1,1): warning C4828: 文件包含在偏移 0xe2 处开始的字符，该字符在当前源字符集中无效(代码页 65001)。
E:\vs项目\练手的\论文查重——第一次软工项目\sim_hash.h(1,1): warning C4828: 文件包含在偏移 0xe3 处开始的字符，该字符在当前源字符集中无效(代码页 65001)。
E:\vs项目\练手的\论文查重——第一次软工项目\sim_hash.h(1,1): warning C4828: 文件包含在偏移 0xe4 处开始的字符，该字符在当前源字符集中无效(代码页 65001)。
E:\vs项目\练手的\论文查重——第一次软工项目\sim_hash.h(1,1): warning C4828: 文件包含在偏移 0xe6 处开始的字符，该字符在当前源字符集中无效(代码页 65001)。
E:\vs项目\练手的\论文查重——第一次软工项目\sim_hash.h(1,1): warning C4828: 文件包含在偏移 0xe7 处开始的字符，该字符在当前源字符集中无效(代码页 65001)。
E:\vs项目\练手的\论文查重——第一次软工项目\sim_hash.h(1,1): warning C4828: 文件包含在偏移 0xe8 处开始的字符，该字符在当前源字符集中无效(代码页 65001)。
E:\vs项目\练手的\论文查重——第一次软工项目\sim_hash.h(1,1): warning C4828: 文件包含在偏移 0xe9 处开始的字符，该字符在当前源字符集中无效(代码页 65001)。
E:\vs项目\练手的\论文查重——第一次软工项目\sim_hash.h(1,1): warning C4828: 文件包含在偏移 0xec 处开始的字符，该字符在当前源字符集中无效(代码页 65001)。
E:\vs项目\练手的\论文查重——第一次软工项目\sim_hash.h(1,1): warning C4828: 文件包含在偏移 0xee 处开始的字符，该字符在当前源字符集中无效(代码页 65001)。
E:\vs项目\练手的\论文查重——第一次软工项目\sim_hash.h(1,1): warning C4828: 文件包含在偏移 0xf1 处开始的字符，该字符在当前源字符集中无效(代码页 65001)。
E:\vs项目\练手的\论文查重——第一次软工项目\sim_hash.h(1,1): warning C4828: 文件包含在偏移 0xf6 处开始的字符，该字符在当前源字符集中无效(代码页 65001)。
E:\vs项目\练手的\论文查重——第一次软工项目\sim_hash.h(1,1): warning C4828: 文件包含在偏移 0xf7 处开始的字符，该字符在当前源字符集中无效(代码页 65001)。
E:\vs项目\练手的\论文查重——第一次软工项目\sim_hash.h(1,1): warning C4828: 文件包含在偏移 0xf8 处开始的字符，该字符在当前源字符集中无效(代码页 65001)。
E:\vs项目\练手的\论文查重——第一次软工项目\sim_hash.h(1,1): warning C4828: 文件包含在偏移 0xfa 处开始的字符，该字符在当前源字符集中无效(代码页 65001)。
E:\vs项目\练手的\论文查重——第一次软工项目\sim_hash.h(1,1): warning C4828: 文件包含在偏移 0xfd 处开始的字符，该字符在当前源字符集中无效(代码页 65001)。
E:\vs项目\练手的\论文查重——第一次软工项目\sim_hash.h(1,1): warning C4828: 文件包含在偏移 0x100 处开始的字符，该字符在当前源字符集中无效(代码页 65001)。
E:\vs项目\练手的\论文查重——第一次软工项目\sim_hash.h(1,1): warning C4828: 文件包含在偏移 0x102 处开始的字符，该字符在当前源字符集中无效(代码页 65001)。
E:\vs项目\练手的\论文查重——第一次软工项目\sim_hash.h(1,1): warning C4828: 文件包含在偏移 0x10a 处开始的字符，该字符在当前源字符集中无效(代码页 65001)。
E:\vs项目\练手的\论文查重——第一次软工项目\sim_hash.h(1,1): warning C4828: 文件包含在偏移 0x110 处开始的字符，该字符在当前源字符集中无效(代码页 65001)。
E:\vs项目\练手的\论文查重——第一次软工项目\sim_hash.h(1,1): warning C4828: 文件包含在偏移 0x111 处开始的字符，该字符在当前源字符集中无效(代码页 65001)。
E:\vs项目\练手的\论文查重——第一次软工项目\sim_hash.h(1,1): warning C4828: 文件包含在偏移 0x119 处开始的字符，该字符在当前源字符集中无效(代码页 65001)。
E:\vs项目\练手的\论文查重——第一次软工项目\sim_hash.h(1,1): warning C4828: 文件包含在偏移 0x11b 处开始的字符，该字符在当前源字符集中无效(代码页 65001)。
E:\vs项目\练手的\论文查重——第一次软工项目\sim_hash.h(1,1): warning C4828: 文件包含在偏移 0x11d 处开始的字符，该字符在当前源字符集中无效(代码页 65001)。
E:\vs项目\练手的\论文查重——第一次软工项目\sim_hash.h(1,1): warning C4828: 文件包含在偏移 0x11e 处开始的字符，该字符在当前源字符集中无效(代码页 65001)。
E:\vs项目\练手的\论文查重——第一次软工项目\sim_hash.h(1,1): warning C4828: 文件包含在偏移 0x11f 处开始的字符，该字符在当前源字符集中无效(代码页 65001)。
E:\vs项目\练手的\论文查重——第一次软工项目\sim_hash.h(1,1): warning C4828: 文件包含在偏移 0x124 处开始的字符，该字符在当前源字符集中无效(代码页 65001)。
E:\vs项目\练手的\论文查重——第一次软工项目\sim_hash.h(1,1): warning C4828: 文件包含在偏移 0x126 处开始的字符，该字符在当前源字符集中无效(代码页 65001)。
E:\vs项目\练手的\论文查重——第一次软工项目\sim_hash.h(1,1): warning C4828: 文件包含在偏移 0x128 处开始的字符，该字符在当前源字符集中无效(代码页 65001)。
E:\vs项目\练手的\论文查重——第一次软工项目\sim_hash.h(1,1): warning C4828: 文件包含在偏移 0x129 处开始的字符，该字符在当前源字符集中无效(代码页 65001)。
E:\vs项目\练手的\论文查重——第一次软工项目\sim_hash.h(1,1): warning C4828: 文件包含在偏移 0x12b 处开始的字符，该字符在当前源字符集中无效(代码页 65001)。
E:\vs项目\练手的\论文查重——第一次软工项目\sim_hash.h(1,1): warning C4828: 文件包含在偏移 0x12c 处开始的字符，该字符在当前源字符集中无效(代码页 65001)。
E:\vs项目\练手的\论文查重——第一次软工项目\sim_hash.h(1,1): warning C4828: 文件包含在偏移 0x12e 处开始的字符，该字符在当前源字符集中无效(代码页 65001)。
E:\vs项目\练手的\论文查重——第一次软工项目\sim_hash.h(1,1): warning C4828: 文件包含在偏移 0x12f 处开始的字符，该字符在当前源字符集中无效(代码页 65001)。
E:\vs项目\练手的\论文查重——第一次软工项目\sim_hash.h(1,1): warning C4828: 文件包含在偏移 0x130 处开始的字符，该字符在当前源字符集中无效(代码页 65001)。
E:\vs项目\练手的\论文查重——第一次软工项目\sim_hash.h(1,1): warning C4828: 文件包含在偏移 0x131 处开始的字符，该字符在当前源字符集中无效(代码页 65001)。
E:\vs项目\练手的\论文查重——第一次软工项目\sim_hash.h(1,1): warning C4828: 文件包含在偏移 0x133 处开始的字符，该字符在当前源字符集中无效(代码页 65001)。
E:\vs项目\练手的\论文查重——第一次软工项目\sim_hash.h(1,1): warning C4828: 文件包含在偏移 0x134 处开始的字符，该字符在当前源字符集中无效(代码页 65001)。
E:\vs项目\练手的\论文查重——第一次软工项目\sim_hash.h(1,1): warning C4828: 文件包含在偏移 0x138 处开始的字符，该字符在当前源字符集中无效(代码页 65001)。
E:\vs项目\练手的\论文查重——第一次软工项目\sim_hash.h(1,1): warning C4828: 文件包含在偏移 0x140 处开始的字符，该字符在当前源字符集中无效(代码页 65001)。
E:\vs项目\练手的\论文查重——第一次软工项目\sim_hash.h(1,1): warning C4828: 文件包含在偏移 0x145 处开始的字符，该字符在当前源字符集中无效(代码页 65001)。
E:\vs项目\练手的\论文查重——第一次软工项目\sim_hash.h(1,1): warning C4828: 文件包含在偏移 0x146 处开始的字符，该字符在当前源字符集中无效(代码页 65001)。
E:\vs项目\练手的\论文查重——第一次软工项目\sim_hash.h(1,1): warning C4828: 文件包含在偏移 0x149 处开始的字符，该字符在当前源字符集中无效(代码页 65001)。
E:\vs项目\练手的\论文查重——第一次软工项目\sim_hash.h(1,1): warning C4828: 文件包含在偏移 0x14a 处开始的字符，该字符在当前源字符集中无效(代码页 65001)。
E:\vs项目\练手的\论文查重——第一次软工项目\sim_hash.h(1,1): warning C4828: 文件包含在偏移 0x14b 处开始的字符，该字符在当前源字符集中无效(代码页 65001)。
E:\vs项目\练手的\论文查重——第一次软工项目\sim_hash.h(1,1): warning C4828: 文件包含在偏移 0x14c 处开始的字符，该字符在当前源字符集中无效(代码页 65001)。
E:\vs项目\练手的\论文查重——第一次软工项目\sim_hash.h(1,1): warning C4828: 文件包含在偏移 0x14d 处开始的字符，该字符在当前源字符集中无效(代码页 65001)。
E:\vs项目\练手的\论文查重——第一次软工项目\sim_hash.h(1,1): warning C4828: 文件包含在偏移 0x14f 处开始的字符，该字符在当前源字符集中无效(代码页 65001)。
E:\vs项目\练手的\论文查重——第一次软工项目\sim_hash.h(1,1): warning C4828: 文件包含在偏移 0x150 处开始的字符，该字符在当前源字符集中无效(代码页 65001)。
E:\vs项目\练手的\论文查重——第一次软工项目\sim_hash.h(1,1): warning C4828: 文件包含在偏移 0x155 处开始的字符，该字符在当前源字符集中无效(代码页 65001)。
E:\vs项目\练手的\论文查重——第一次软工项目\sim_hash.h(1,1): warning C4828: 文件包含在偏移 0x15a 处开始的字符，该字符在当前源字符集中无效(代码页 65001)。
E:\vs项目\练手的\论文查重——第一次软工项目\sim_hash.h(1,1): warning C4828: 文件包含在偏移 0x160 处开始的字符，该字符在当前源字符集中无效(代码页 65001)。
E:\vs项目\练手的\论文查重——第一次软工项目\sim_hash.h(1,1): warning C4828: 文件包含在偏移 0x164 处开始的字符，该字符在当前源字符集中无效(代码页 65001)。
E:\vs项目\练手的\论文查重——第一次软工项目\sim_hash.h(1,1): warning C4828: 文件包含在偏移 0x165 处开始的字符，该字符在当前源字符集中无效(代码页 65001)。
E:\vs项目\练手的\论文查重——第一次软工项目\sim_hash.h(1,1): warning C4828: 文件包含在偏移 0x167 处开始的字符，该字符在当前源字符集中无效(代码页 65001)。
E:\vs项目\练手的\论文查重——第一次软工项目\sim_hash.h(1,1): warning C4828: 文件包含在偏移 0x169 处开始的字符，该字符在当前源字符集中无效(代码页 65001)。
E:\vs项目\练手的\论文查重——第一次软工项目\sim_hash.h(1,1): warning C4828: 文件包含在偏移 0x16a 处开始的字符，该字符在当前源字符集中无效(代码页 65001)。
E:\vs项目\练手的\论文查重——第一次软工项目\sim_hash.h(1,1): warning C4828: 文件包含在偏移 0x171 处开始的字符，该字符在当前源字符集中无效(代码页 65001)。
E:\vs项目\练手的\论文查重——第一次软工项目\sim_hash.h(1,1): warning C4828: 文件包含在偏移 0x172 处开始的字符，该字符在当前源字符集中无效(代码页 65001)。
E:\vs项目\练手的\论文查重——第一次软工项目\sim_hash.h(1,1): warning C4828: 文件包含在偏移 0x173 处开始的字符，该字符在当前源字符集中无效(代码页 65001)。
E:\vs项目\练手的\论文查重——第一次软工项目\sim_hash.h(1,1): warning C4828: 文件包含在偏移 0x175 处开始的字符，该字符在当前源字符集中无效(代码页 65001)。
E:\vs项目\练手的\论文查重——第一次软工项目\sim_hash.h(1,1): warning C4828: 文件包含在偏移 0x176 处开始的字符，该字符在当前源字符集中无效(代码页 65001)。
E:\vs项目\练手的\论文查重——第一次软工项目\sim_hash.h(1,1): warning C4828: 文件包含在偏移 0x179 处开始的字符，该字符在当前源字符集中无效(代码页 65001)。
E:\vs项目\练手的\论文查重——第一次软工项目\sim_hash.h(1,1): warning C4828: 文件包含在偏移 0x17b 处开始的字符，该字符在当前源字符集中无效(代码页 65001)。
E:\vs项目\练手的\论文查重——第一次软工项目\sim_hash.h(1,1): warning C4828: 文件包含在偏移 0x17d 处开始的字符，该字符在当前源字符集中无效(代码页 65001)。
E:\vs项目\练手的\论文查重——第一次软工项目\sim_hash.h(1,1): warning C4828: 文件包含在偏移 0x17e 处开始的字符，该字符在当前源字符集中无效(代码页 65001)。
E:\vs项目\练手的\论文查重——第一次软工项目\sim_hash.h(1,1): warning C4828: 文件包含在偏移 0x17f 处开始的字符，该字符在当前源字符集中无效(代码页 65001)。
E:\vs项目\练手的\论文查重——第一次软工项目\sim_hash.h(1,1): warning C4828: 文件包含在偏移 0x180 处开始的字符，该字符在当前源字符集中无效(代码页 65001)。
E:\vs项目\练手的\论文查重——第一次软工项目\sim_hash.h(1,1): warning C4828: 文件包含在偏移 0x183 处开始的字符，该字符在当前源字符集中无效(代码页 65001)。
E:\vs项目\练手的\论文查重——第一次软工项目\sim_hash.h(1,1): warning C4828: 文件包含在偏移 0x184 处开始的字符，该字符在当前源字符集中无效(代码页 65001)。
E:\vs项目\练手的\论文查重——第一次软工项目\sim_hash.h(1,1): warning C4828: 文件包含在偏移 0x185 处开始的字符，该字符在当前源字符集中无效(代码页 65001)。
E:\vs项目\练手的\论文查重——第一次软工项目\sim_hash.h(1,1): warning C4828: 文件包含在偏移 0x186 处开始的字符，该字符在当前源字符集中无效(代码页 65001)。
E:\vs项目\练手的\论文查重——第一次软工项目\sim_hash.h(1,1): warning C4828: 文件包含在偏移 0x18a 处开始的字符，该字符在当前源字符集中无效(代码页 65001)。
E:\vs项目\练手的\论文查重——第一次软工项目\sim_hash.h(1,1): warning C4828: 文件包含在偏移 0x18b 处开始的字符，该字符在当前源字符集中无效(代码页 65001)。
E:\vs项目\练手的\论文查重——第一次软工项目\sim_hash.h(1,1): warning C4828: 文件包含在偏移 0x18c 处开始的字符，该字符在当前源字符集中无效(代码页 65001)。
E:\vs项目\练手的\论文查重——第一次软工项目\sim_hash.h(1,1): warning C4828: 文件包含在偏移 0x18d 处开始的字符，该字符在当前源字符集中无效(代码页 65001)。
E:\vs项目\练手的\论文查重——第一次软工项目\sim_hash.h(1,1): warning C4828: 文件包含在偏移 0x18e 处开始的字符，该字符在当前源字符集中无效(代码页 65001)。
E:\vs项目\练手的\论文查重——第一次软工项目\sim_hash.h(1,1): warning C4828: 文件包含在偏移 0x18f 处开始的字符，该字符在当前源字符集中无效(代码页 65001)。
E:\vs项目\练手的\论文查重——第一次软工项目\sim_hash.h(1,1): warning C4828: 文件包含在偏移 0x191 处开始的字符，该字符在当前源字符集中无效(代码页 65001)。
E:\vs项目\练手的\论文查重——第一次软工项目\sim_hash.h(1,1): warning C4828: 文件包含在偏移 0x193 处开始的字符，该字符在当前源字符集中无效(代码页 65001)。
E:\vs项目\练手的\论文查重——第一次软工项目\sim_hash.h(1,1): warning C4828: 文件包含在偏移 0x196 处开始的字符，该字符在当前源字符集中无效(代码页 65001)。
E:\vs项目\练手的\论文查重——第一次软工项目\sim_hash.h(1,1): warning C4828: 文件包含在偏移 0x199 处开始的字符，该字符在当前源字符集中无效(代码页 65001)。
E:\vs项目\练手的\论文查重——第一次软工项目\sim_hash.h(1,1): warning C4828: 文件包含在偏移 0x19a 处开始的字符，该字符在当前源字符集中无效(代码页 65001)。
E:\vs项目\练手的\论文查重——第一次软工项目\sim_hash.h(1,1): warning C4828: 文件包含在偏移 0x19c 处开始的字符，该字符在当前源字符集中无效(代码页 65001)。
E:\vs项目\练手的\论文查重——第一次软工项目\sim_hash.h(1,1): warning C4828: 文件包含在偏移 0x19d 处开始的字符，该字符在当前源字符集中无效(代码页 65001)。
E:\vs项目\练手的\论文查重——第一次软工项目\sim_hash.h(1,1): warning C4828: 文件包含在偏移 0x19e 处开始的字符，该字符在当前源字符集中无效(代码页 65001)。
E:\vs项目\练手的\论文查重——第一次软工项目\sim_hash.h(1,1): warning C4828: 文件包含在偏移 0x1a3 处开始的字符，该字符在当前源字符集中无效(代码页 65001)。
E:\vs项目\练手的\论文查重——第一次软工项目\sim_hash.h(1,1): warning C4828: 文件包含在偏移 0x1a4 处开始的字符，该字符在当前源字符集中无效(代码页 65001)。
E:\vs项目\练手的\论文查重——第一次软工项目\sim_hash.h(1,1): warning C4828: 文件包含在偏移 0x1ae 处开始的字符，该字符在当前源字符集中无效(代码页 65001)。
E:\vs项目\练手的\论文查重——第一次软工项目\sim_hash.h(1,1): warning C4828: 文件包含在偏移 0x1af 处开始的字符，该字符在当前源字符集中无效(代码页 65001)。
E:\vs项目\练手的\论文查重——第一次软工项目\sim_hash.h(1,1): warning C4828: 文件包含在偏移 0x1b0 处开始的字符，该字符在当前源字符集中无效(代码页 65001)。
E:\vs项目\练手的\论文查重——第一次软工项目\sim_hash.h(1,1): warning C4828: 文件包含在偏移 0x1b6 处开始的字符，该字符在当前源字符集中无效(代码页 65001)。
E:\vs项目\练手的\论文查重——第一次软工项目\sim_hash.h(1,1): warning C4828: 文件包含在偏移 0x1b7 处开始的字符，该字符在当前源字符集中无效(代码页 65001)。
E:\vs项目\练手的\论文查重——第一次软工项目\sim_hash.h(1,1): warning C4828: 文件包含在偏移 0x1b8 处开始的字符，该字符在当前源字符集中无效(代码页 65001)。
E:\vs项目\练手的\论文查重——第一次软工项目\sim_hash.h(1,1): warning C4828: 文件包含在偏移 0x1b9 处开始的字符，该字符在当前源字符集中无效(代码页 65001)。
E:\vs项目\练手的\论文查重——第一次软工项目\sim_hash.h(1,1): warning C4828: 文件包含在偏移 0x1ba 处开始的字符，该字符在当前源字符集中无效(代码页 65001)。
E:\vs项目\练手的\论文查重——第一次软工项目\sim_hash.h(1,1): warning C4828: 文件包含在偏移 0x1bc 处开始的字符，该字符在当前源字符集中无效(代码页 65001)。
E:\vs项目\练手的\论文查重——第一次软工项目\sim_hash.h(1,1): warning C4828: 文件包含在偏移 0x1be 处开始的字符，该字符在当前源字符集中无效(代码页 65001)。
E:\vs项目\练手的\论文查重——第一次软工项目\sim_hash.h(1,1): warning C4828: 文件包含在偏移 0x1bf 处开始的字符，该字符在当前源字符集中无效(代码页 65001)。
E:\vs项目\练手的\论文查重——第一次软工项目\sim_hash.h(1,1): warning C4828: 文件包含在偏移 0x1c0 处开始的字符，该字符在当前源字符集中无效(代码页 65001)。
E:\vs项目\练手的\论文查重——第一次软工项目\sim_hash.h(1,1): warning C4828: 文件包含在偏移 0x1c2 处开始的字符，该字符在当前源字符集中无效(代码页 65001)。
E:\vs项目\练手的\论文查重——第一次软工项目\sim_hash.h(1,1): warning C4828: 文件包含在偏移 0x1c3 处开始的字符，该字符在当前源字符集中无效(代码页 65001)。
E:\vs项目\练手的\论文查重——第一次软工项目\sim_hash.h(1,1): warning C4828: 文件包含在偏移 0x1c5 处开始的字符，该字符在当前源字符集中无效(代码页 65001)。
E:\vs项目\练手的\论文查重——第一次软工项目\sim_hash.h(1,1): warning C4828: 文件包含在偏移 0x1c6 处开始的字符，该字符在当前源字符集中无效(代码页 65001)。
E:\vs项目\练手的\论文查重——第一次软工项目\sim_hash.h(1,1): warning C4828: 文件包含在偏移 0x1c7 处开始的字符，该字符在当前源字符集中无效(代码页 65001)。
E:\vs项目\练手的\论文查重——第一次软工项目\sim_hash.h(1,1): warning C4828: 文件包含在偏移 0x1cb 处开始的字符，该字符在当前源字符集中无效(代码页 65001)。
E:\vs项目\练手的\论文查重——第一次软工项目\sim_hash.h(1,1): warning C4828: 文件包含在偏移 0x1cc 处开始的字符，该字符在当前源字符集中无效(代码页 65001)。
E:\vs项目\练手的\论文查重——第一次软工项目\sim_hash.h(1,1): warning C4828: 文件包含在偏移 0x1cd 处开始的字符，该字符在当前源字符集中无效(代码页 65001)。
E:\vs项目\练手的\论文查重——第一次软工项目\sim_hash.h(1,1): warning C4828: 文件包含在偏移 0x1d7 处开始的字符，该字符在当前源字符集中无效(代码页 65001)。
E:\vs项目\练手的\论文查重——第一次软工项目\sim_hash.h(1,1): warning C4828: 文件包含在偏移 0x1da 处开始的字符，该字符在当前源字符集中无效(代码页 65001)。
E:\vs项目\练手的\论文查重——第一次软工项目\sim_hash.h(1,1): warning C4828: 文件包含在偏移 0x1db 处开始的字符，该字符在当前源字符集中无效(代码页 65001)。
E:\vs项目\练手的\论文查重——第一次软工项目\sim_hash.h(1,1): warning C4828: 文件包含在偏移 0x1dd 处开始的字符，该字符在当前源字符集中无效(代码页 65001)。
E:\vs项目\练手的\论文查重——第一次软工项目\sim_hash.h(1,1): warning C4828: 文件包含在偏移 0x1de 处开始的字符，该字符在当前源字符集中无效(代码页 65001)。
E:\vs项目\练手的\论文查重——第一次软工项目\sim_hash.h(1,1): warning C4828: 文件包含在偏移 0x1e5 处开始的字符，该字符在当前源字符集中无效(代码页 65001)。
E:\vs项目\练手的\论文查重——第一次软工项目\sim_hash.h(1,1): warning C4828: 文件包含在偏移 0x1e6 处开始的字符，该字符在当前源字符集中无效(代码页 65001)。
E:\vs项目\练手的\论文查重——第一次软工项目\sim_hash.h(1,1): warning C4828: 文件包含在偏移 0x1e7 处开始的字符，该字符在当前源字符集中无效(代码页 65001)。
E:\vs项目\练手的\论文查重——第一次软工项目\sim_hash.h(1,1): warning C4828: 文件包含在偏移 0x1e9 处开始的字符，该字符在当前源字符集中无效(代码页 65001)。
E:\vs项目\练手的\论文查重——第一次软工项目\sim_hash.h(1,1): warning C4828: 文件包含在偏移 0x1ea 处开始的字符，该字符在当前源字符集中无效(代码页 65001)。
E:\vs项目\练手的\论文查重——第一次软工项目\sim_hash.h(1,1): warning C4828: 文件包含在偏移 0x1ed 处开始的字符，该字符在当前源字符集中无效(代码页 65001)。
E:\vs项目\练手的\论文查重——第一次软工项目\sim_hash.h(1,1): warning C4828: 文件包含在偏移 0x1ef 处开始的字符，该字符在当前源字符集中无效(代码页 65001)。
E:\vs项目\练手的\论文查重——第一次软工项目\sim_hash.h(1,1): warning C4828: 文件包含在偏移 0x256 处开始的字符，该字符在当前源字符集中无效(代码页 65001)。
E:\vs项目\练手的\论文查重——第一次软工项目\sim_hash.h(1,1): warning C4828: 文件包含在偏移 0x258 处开始的字符，该字符在当前源字符集中无效(代码页 65001)。
E:\vs项目\练手的\论文查重——第一次软工项目\sim_hash.h(1,1): warning C4828: 文件包含在偏移 0x259 处开始的字符，该字符在当前源字符集中无效(代码页 65001)。
E:\vs项目\练手的\论文查重——第一次软工项目\sim_hash.h(1,1): warning C4828: 文件包含在偏移 0x25a 处开始的字符，该字符在当前源字符集中无效(代码页 65001)。
E:\vs项目\练手的\论文查重——第一次软工项目\sim_hash.h(1,1): warning C4828: 文件包含在偏移 0x25c 处开始的字符，该字符在当前源字符集中无效(代码页 65001)。
E:\vs项目\练手的\论文查重——第一次软工项目\sim_hash.h(1,1): warning C4828: 文件包含在偏移 0x25e 处开始的字符，该字符在当前源字符集中无效(代码页 65001)。
E:\vs项目\练手的\论文查重——第一次软工项目\sim_hash.h(1,1): warning C4828: 文件包含在偏移 0x25f 处开始的字符，该字符在当前源字符集中无效(代码页 65001)。
E:\vs项目\练手的\论文查重——第一次软工项目\sim_hash.h(1,1): warning C4828: 文件包含在偏移 0x260 处开始的字符，该字符在当前源字符集中无效(代码页 65001)。
E:\vs项目\练手的\论文查重——第一次软工项目\sim_hash.h(1,1): warning C4828: 文件包含在偏移 0x263 处开始的字符，该字符在当前源字符集中无效(代码页 65001)。
E:\vs项目\练手的\论文查重——第一次软工项目\sim_hash.h(1,1): warning C4828: 文件包含在偏移 0x266 处开始的字符，该字符在当前源字符集中无效(代码页 65001)。
E:\vs项目\练手的\论文查重——第一次软工项目\sim_hash.h(1,1): warning C4828: 文件包含在偏移 0x268 处开始的字符，该字符在当前源字符集中无效(代码页 65001)。
E:\vs项目\练手的\论文查重——第一次软工项目\sim_hash.h(1,1): warning C4828: 文件包含在偏移 0x269 处开始的字符，该字符在当前源字符集中无效(代码页 65001)。
E:\vs项目\练手的\论文查重——第一次软工项目\sim_hash.h(1,1): warning C4828: 文件包含在偏移 0x26a 处开始的字符，该字符在当前源字符集中无效(代码页 65001)。
E:\vs项目\练手的\论文查重——第一次软工项目\sim_hash.h(1,1): warning C4828: 文件包含在偏移 0x26b 处开始的字符，该字符在当前源字符集中无效(代码页 65001)。
E:\vs项目\练手的\论文查重——第一次软工项目\sim_hash.h(1,1): warning C4828: 文件包含在偏移 0x26c 处开始的字符，该字符在当前源字符集中无效(代码页 65001)。
E:\vs项目\练手的\论文查重——第一次软工项目\sim_hash.h(1,1): warning C4828: 文件包含在偏移 0x26e 处开始的字符，该字符在当前源字符集中无效(代码页 65001)。
E:\vs项目\练手的\论文查重——第一次软工项目\sim_hash.h(1,1): warning C4828: 文件包含在偏移 0x26f 处开始的字符，该字符在当前源字符集中无效(代码页 65001)。
E:\vs项目\练手的\论文查重——第一次软工项目\sim_hash.h(1,1): warning C4828: 文件包含在偏移 0x270 处开始的字符，该字符在当前源字符集中无效(代码页 65001)。
E:\vs项目\练手的\论文查重——第一次软工项目\sim_hash.h(1,1): warning C4828: 文件包含在偏移 0x271 处开始的字符，该字符在当前源字符集中无效(代码页 65001)。
E:\vs项目\练手的\论文查重——第一次软工项目\sim_hash.h(1,1): warning C4828: 文件包含在偏移 0x274 处开始的字符，该字符在当前源字符集中无效(代码页 65001)。
E:\vs项目\练手的\论文查重——第一次软工项目\sim_hash.h(1,1): warning C4828: 文件包含在偏移 0x275 处开始的字符，该字符在当前源字符集中无效(代码页 65001)。
E:\vs项目\练手的\论文查重——第一次软工项目\sim_hash.h(1,1): warning C4828: 文件包含在偏移 0x279 处开始的字符，该字符在当前源字符集中无效(代码页 65001)。
E:\vs项目\练手的\论文查重——第一次软工项目\sim_hash.h(1,1): warning C4828: 文件包含在偏移 0x27b 处开始的字符，该字符在当前源字符集中无效(代码页 65001)。
E:\vs项目\练手的\论文查重——第一次软工项目\sim_hash.h(1,1): warning C4828: 文件包含在偏移 0x27c 处开始的字符，该字符在当前源字符集中无效(代码页 65001)。
E:\vs项目\练手的\论文查重——第一次软工项目\sim_hash.h(1,1): warning C4828: 文件包含在偏移 0x27e 处开始的字符，该字符在当前源字符集中无效(代码页 65001)。
E:\vs项目\练手的\论文查重——第一次软工项目\sim_hash.h(1,1): warning C4828: 文件包含在偏移 0x27f 处开始的字符，该字符在当前源字符集中无效(代码页 65001)。
E:\vs项目\练手的\论文查重——第一次软工项目\sim_hash.h(1,1): warning C4828: 文件包含在偏移 0x283 处开始的字符，该字符在当前源字符集中无效(代码页 65001)。
E:\vs项目\练手的\论文查重——第一次软工项目\sim_hash.h(1,1): warning C4828: 文件包含在偏移 0x284 处开始的字符，该字符在当前源字符集中无效(代码页 65001)。
E:\vs项目\练手的\论文查重——第一次软工项目\sim_hash.h(1,1): warning C4828: 文件包含在偏移 0x285 处开始的字符，该字符在当前源字符集中无效(代码页 65001)。
E:\vs项目\练手的\论文查重——第一次软工项目\sim_hash.h(1,1): warning C4828: 文件包含在偏移 0x288 处开始的字符，该字符在当前源字符集中无效(代码页 65001)。
E:\vs项目\练手的\论文查重——第一次软工项目\sim_hash.h(1,1): warning C4828: 文件包含在偏移 0x289 处开始的字符，该字符在当前源字符集中无效(代码页 65001)。
E:\vs项目\练手的\论文查重——第一次软工项目\sim_hash.h(1,1): warning C4828: 文件包含在偏移 0x28c 处开始的字符，该字符在当前源字符集中无效(代码页 65001)。
E:\vs项目\练手的\论文查重——第一次软工项目\sim_hash.h(1,1): warning C4828: 文件包含在偏移 0x28e 处开始的字符，该字符在当前源字符集中无效(代码页 65001)。
E:\vs项目\练手的\论文查重——第一次软工项目\sim_hash.h(1,1): warning C4828: 文件包含在偏移 0x290 处开始的字符，该字符在当前源字符集中无效(代码页 65001)。
E:\vs项目\练手的\论文查重——第一次软工项目\sim_hash.h(1,1): warning C4828: 文件包含在偏移 0x2aa 处开始的字符，该字符在当前源字符集中无效(代码页 65001)。
E:\vs项目\练手的\论文查重——第一次软工项目\sim_hash.h(1,1): warning C4828: 文件包含在偏移 0x2ac 处开始的字符，该字符在当前源字符集中无效(代码页 65001)。
E:\vs项目\练手的\论文查重——第一次软工项目\sim_hash.h(1,1): warning C4828: 文件包含在偏移 0x2ad 处开始的字符，该字符在当前源字符集中无效(代码页 65001)。
E:\vs项目\练手的\论文查重——第一次软工项目\sim_hash.h(1,1): warning C4828: 文件包含在偏移 0x2b0 处开始的字符，该字符在当前源字符集中无效(代码页 65001)。
E:\vs项目\练手的\论文查重——第一次软工项目\sim_hash.h(1,1): warning C4828: 文件包含在偏移 0x2b2 处开始的字符，该字符在当前源字符集中无效(代码页 65001)。
E:\vs项目\练手的\论文查重——第一次软工项目\sim_hash.h(1,1): warning C4828: 文件包含在偏移 0x2b3 处开始的字符，该字符在当前源字符集中无效(代码页 65001)。
E:\vs项目\练手的\论文查重——第一次软工项目\sim_hash.h(1,1): warning C4828: 文件包含在偏移 0x2b8 处开始的字符，该字符在当前源字符集中无效(代码页 65001)。
E:\vs项目\练手的\论文查重——第一次软工项目\sim_hash.h(1,1): warning C4828: 文件包含在偏移 0x2b9 处开始的字符，该字符在当前源字符集中无效(代码页 65001)。
E:\vs项目\练手的\论文查重——第一次软工项目\sim_hash.h(1,1): warning C4828: 文件包含在偏移 0x2ba 处开始的字符，该字符在当前源字符集中无效(代码页 65001)。
E:\vs项目\练手的\论文查重——第一次软工项目\sim_hash.h(1,1): warning C4828: 文件包含在偏移 0x2bb 处开始的字符，该字符在当前源字符集中无效(代码页 65001)。
E:\vs项目\练手的\论文查重——第一次软工项目\sim_hash.h(1,1): warning C4828: 文件包含在偏移 0x2bc 处开始的字符，该字符在当前源字符集中无效(代码页 65001)。
E:\vs项目\练手的\论文查重——第一次软工项目\sim_hash.h(1,1): warning C4828: 文件包含在偏移 0x2be 处开始的字符，该字符在当前源字符集中无效(代码页 65001)。
E:\vs项目\练手的\论文查重——第一次软工项目\sim_hash.h(1,1): warning C4828: 文件包含在偏移 0x2c0 处开始的字符，该字符在当前源字符集中无效(代码页 65001)。
E:\vs项目\练手的\论文查重——第一次软工项目\sim_hash.h(1,1): warning C4828: 文件包含在偏移 0x2c3 处开始的字符，该字符在当前源字符集中无效(代码页 65001)。
E:\vs项目\练手的\论文查重——第一次软工项目\sim_hash.h(1,1): warning C4828: 文件包含在偏移 0x2c5 处开始的字符，该字符在当前源字符集中无效(代码页 65001)。
E:\vs项目\练手的\论文查重——第一次软工项目\sim_hash.h(1,1): warning C4828: 文件包含在偏移 0x2cb 处开始的字符，该字符在当前源字符集中无效(代码页 65001)。
E:\vs项目\练手的\论文查重——第一次软工项目\sim_hash.h(1,1): warning C4828: 文件包含在偏移 0x2cc 处开始的字符，该字符在当前源字符集中无效(代码页 65001)。
E:\vs项目\练手的\论文查重——第一次软工项目\sim_hash.h(1,1): warning C4828: 文件包含在偏移 0x2cd 处开始的字符，该字符在当前源字符集中无效(代码页 65001)。
E:\vs项目\练手的\论文查重——第一次软工项目\sim_hash.h(1,1): warning C4828: 文件包含在偏移 0x2d0 处开始的字符，该字符在当前源字符集中无效(代码页 65001)。
E:\vs项目\练手的\论文查重——第一次软工项目\sim_hash.h(1,1): warning C4828: 文件包含在偏移 0x2d1 处开始的字符，该字符在当前源字符集中无效(代码页 65001)。
E:\vs项目\练手的\论文查重——第一次软工项目\sim_hash.h(1,1): warning C4828: 文件包含在偏移 0x2d2 处开始的字符，该字符在当前源字符集中无效(代码页 65001)。
E:\vs项目\练手的\论文查重——第一次软工项目\sim_hash.h(1,1): warning C4828: 文件包含在偏移 0x2d3 处开始的字符，该字符在当前源字符集中无效(代码页 65001)。
E:\vs项目\练手的\论文查重——第一次软工项目\sim_hash.h(1,1): warning C4828: 文件包含在偏移 0x2dd 处开始的字符，该字符在当前源字符集中无效(代码页 65001)。
E:\vs项目\练手的\论文查重——第一次软工项目\sim_hash.h(1,1): warning C4828: 文件包含在偏移 0x2df 处开始的字符，该字符在当前源字符集中无效(代码页 65001)。
E:\vs项目\练手的\论文查重——第一次软工项目\sim_hash.h(1,1): warning C4828: 文件包含在偏移 0x2e1 处开始的字符，该字符在当前源字符集中无效(代码页 65001)。
E:\vs项目\练手的\论文查重——第一次软工项目\sim_hash.h(1,1): warning C4828: 文件包含在偏移 0x2e3 处开始的字符，该字符在当前源字符集中无效(代码页 65001)。
E:\vs项目\练手的\论文查重——第一次软工项目\sim_hash.h(1,1): warning C4828: 文件包含在偏移 0x2e6 处开始的字符，该字符在当前源字符集中无效(代码页 65001)。
E:\vs项目\练手的\论文查重——第一次软工项目\sim_hash.h(1,1): warning C4828: 文件包含在偏移 0x2e7 处开始的字符，该字符在当前源字符集中无效(代码页 65001)。
E:\vs项目\练手的\论文查重——第一次软工项目\sim_hash.h(1,1): warning C4828: 文件包含在偏移 0x2e8 处开始的字符，该字符在当前源字符集中无效(代码页 65001)。
E:\vs项目\练手的\论文查重——第一次软工项目\sim_hash.h(1,1): warning C4828: 文件包含在偏移 0x2eb 处开始的字符，该字符在当前源字符集中无效(代码页 65001)。
E:\vs项目\练手的\论文查重——第一次软工项目\sim_hash.h(1,1): warning C4828: 文件包含在偏移 0x2ec 处开始的字符，该字符在当前源字符集中无效(代码页 65001)。
E:\vs项目\练手的\论文查重——第一次软工项目\sim_hash.h(1,1): warning C4828: 文件包含在偏移 0x333 处开始的字符，该字符在当前源字符集中无效(代码页 65001)。
E:\vs项目\练手的\论文查重——第一次软工项目\sim_hash.h(1,1): warning C4828: 文件包含在偏移 0x339 处开始的字符，该字符在当前源字符集中无效(代码页 65001)。
E:\vs项目\练手的\论文查重——第一次软工项目\sim_hash.h(1,1): warning C4828: 文件包含在偏移 0x33b 处开始的字符，该字符在当前源字符集中无效(代码页 65001)。
E:\vs项目\练手的\论文查重——第一次软工项目\sim_hash.h(1,1): warning C4828: 文件包含在偏移 0x33c 处开始的字符，该字符在当前源字符集中无效(代码页 65001)。
E:\vs项目\练手的\论文查重——第一次软工项目\sim_hash.h(1,1): warning C4828: 文件包含在偏移 0x33d 处开始的字符，该字符在当前源字符集中无效(代码页 65001)。
E:\vs项目\练手的\论文查重——第一次软工项目\sim_hash.h(1,1): warning C4828: 文件包含在偏移 0x33e 处开始的字符，该字符在当前源字符集中无效(代码页 65001)。
E:\vs项目\练手的\论文查重——第一次软工项目\sim_hash.h(1,1): warning C4828: 文件包含在偏移 0x340 处开始的字符，该字符在当前源字符集中无效(代码页 65001)。
E:\vs项目\练手的\论文查重——第一次软工项目\sim_hash.h(1,1): warning C4828: 文件包含在偏移 0x341 处开始的字符，该字符在当前源字符集中无效(代码页 65001)。
E:\vs项目\练手的\论文查重——第一次软工项目\sim_hash.h(1,1): warning C4828: 文件包含在偏移 0x343 处开始的字符，该字符在当前源字符集中无效(代码页 65001)。
E:\vs项目\练手的\论文查重——第一次软工项目\sim_hash.h(1,1): warning C4828: 文件包含在偏移 0x344 处开始的字符，该字符在当前源字符集中无效(代码页 65001)。
E:\vs项目\练手的\论文查重——第一次软工项目\sim_hash.h(1,1): warning C4828: 文件包含在偏移 0x347 处开始的字符，该字符在当前源字符集中无效(代码页 65001)。
E:\vs项目\练手的\论文查重——第一次软工项目\sim_hash.h(1,1): warning C4828: 文件包含在偏移 0x348 处开始的字符，该字符在当前源字符集中无效(代码页 65001)。
E:\vs项目\练手的\论文查重——第一次软工项目\sim_hash.h(1,1): warning C4828: 文件包含在偏移 0x349 处开始的字符，该字符在当前源字符集中无效(代码页 65001)。
E:\vs项目\练手的\论文查重——第一次软工项目\sim_hash.h(1,1): warning C4828: 文件包含在偏移 0x34a 处开始的字符，该字符在当前源字符集中无效(代码页 65001)。
E:\vs项目\练手的\论文查重——第一次软工项目\sim_hash.h(1,1): warning C4828: 文件包含在偏移 0x352 处开始的字符，该字符在当前源字符集中无效(代码页 65001)。
E:\vs项目\练手的\论文查重——第一次软工项目\sim_hash.h(1,1): warning C4828: 文件包含在偏移 0x353 处开始的字符，该字符在当前源字符集中无效(代码页 65001)。
E:\vs项目\练手的\论文查重——第一次软工项目\sim_hash.h(1,1): warning C4828: 文件包含在偏移 0x354 处开始的字符，该字符在当前源字符集中无效(代码页 65001)。
E:\vs项目\练手的\论文查重——第一次软工项目\sim_hash.h(1,1): warning C4828: 文件包含在偏移 0x355 处开始的字符，该字符在当前源字符集中无效(代码页 65001)。
E:\vs项目\练手的\论文查重——第一次软工项目\sim_hash.h(1,1): warning C4828: 文件包含在偏移 0x358 处开始的字符，该字符在当前源字符集中无效(代码页 65001)。
E:\vs项目\练手的\论文查重——第一次软工项目\sim_hash.h(1,1): warning C4828: 文件包含在偏移 0x35a 处开始的字符，该字符在当前源字符集中无效(代码页 65001)。
E:\vs项目\练手的\论文查重——第一次软工项目\sim_hash.h(1,1): warning C4828: 文件包含在偏移 0x35b 处开始的字符，该字符在当前源字符集中无效(代码页 65001)。
E:\vs项目\练手的\论文查重——第一次软工项目\sim_hash.h(1,1): warning C4828: 文件包含在偏移 0x360 处开始的字符，该字符在当前源字符集中无效(代码页 65001)。
E:\vs项目\练手的\论文查重——第一次软工项目\sim_hash.h(1,1): warning C4828: 文件包含在偏移 0x366 处开始的字符，该字符在当前源字符集中无效(代码页 65001)。
E:\vs项目\练手的\论文查重——第一次软工项目\sim_hash.h(1,1): warning C4828: 文件包含在偏移 0x367 处开始的字符，该字符在当前源字符集中无效(代码页 65001)。
E:\vs项目\练手的\论文查重——第一次软工项目\sim_hash.h(1,1): warning C4828: 文件包含在偏移 0x368 处开始的字符，该字符在当前源字符集中无效(代码页 65001)。
E:\vs项目\练手的\论文查重——第一次软工项目\sim_hash.h(1,1): warning C4828: 文件包含在偏移 0x36a 处开始的字符，该字符在当前源字符集中无效(代码页 65001)。
E:\vs项目\练手的\论文查重——第一次软工项目\sim_hash.h(1,1): warning C4828: 文件包含在偏移 0x36b 处开始的字符，该字符在当前源字符集中无效(代码页 65001)。
E:\vs项目\练手的\论文查重——第一次软工项目\sim_hash.h(1,1): warning C4828: 文件包含在偏移 0x36d 处开始的字符，该字符在当前源字符集中无效(代码页 65001)。
E:\vs项目\练手的\论文查重——第一次软工项目\sim_hash.h(1,1): warning C4828: 文件包含在偏移 0x36e 处开始的字符，该字符在当前源字符集中无效(代码页 65001)。
E:\vs项目\练手的\论文查重——第一次软工项目\sim_hash.h(1,1): warning C4828: 文件包含在偏移 0x37f 处开始的字符，该字符在当前源字符集中无效(代码页 65001)。
E:\vs项目\练手的\论文查重——第一次软工项目\sim_hash.h(1,1): warning C4828: 文件包含在偏移 0x380 处开始的字符，该字符在当前源字符集中无效(代码页 65001)。
E:\vs项目\练手的\论文查重——第一次软工项目\sim_hash.h(1,1): warning C4828: 文件包含在偏移 0x381 处开始的字符，该字符在当前源字符集中无效(代码页 65001)。
E:\vs项目\练手的\论文查重——第一次软工项目\sim_hash.h(1,1): warning C4828: 文件包含在偏移 0x384 处开始的字符，该字符在当前源字符集中无效(代码页 65001)。
E:\vs项目\练手的\论文查重——第一次软工项目\sim_hash.h(1,1): warning C4828: 文件包含在偏移 0x385 处开始的字符，该字符在当前源字符集中无效(代码页 65001)。
E:\vs项目\练手的\论文查重——第一次软工项目\sim_hash.h(1,1): warning C4828: 文件包含在偏移 0x387 处开始的字符，该字符在当前源字符集中无效(代码页 65001)。
E:\vs项目\练手的\论文查重——第一次软工项目\sim_hash.h(1,1): warning C4828: 文件包含在偏移 0x388 处开始的字符，该字符在当前源字符集中无效(代码页 65001)。
E:\vs项目\练手的\论文查重——第一次软工项目\sim_hash.h(1,1): warning C4828: 文件包含在偏移 0x38c 处开始的字符，该字符在当前源字符集中无效(代码页 65001)。
E:\vs项目\练手的\论文查重——第一次软工项目\sim_hash.h(1,1): warning C4828: 文件包含在偏移 0x38d 处开始的字符，该字符在当前源字符集中无效(代码页 65001)。
E:\vs项目\练手的\论文查重——第一次软工项目\sim_hash.h(1,1): warning C4828: 文件包含在偏移 0x394 处开始的字符，该字符在当前源字符集中无效(代码页 65001)。
E:\vs项目\练手的\论文查重——第一次软工项目\sim_hash.h(1,1): warning C4828: 文件包含在偏移 0x395 处开始的字符，该字符在当前源字符集中无效(代码页 65001)。
E:\vs项目\练手的\论文查重——第一次软工项目\sim_hash.h(1,1): warning C4828: 文件包含在偏移 0x396 处开始的字符，该字符在当前源字符集中无效(代码页 65001)。
E:\vs项目\练手的\论文查重——第一次软工项目\sim_hash.h(1,1): warning C4828: 文件包含在偏移 0x398 处开始的字符，该字符在当前源字符集中无效(代码页 65001)。
E:\vs项目\练手的\论文查重——第一次软工项目\sim_hash.h(1,1): warning C4828: 文件包含在偏移 0x39b 处开始的字符，该字符在当前源字符集中无效(代码页 65001)。
E:\vs项目\练手的\论文查重——第一次软工项目\sim_hash.h(1,1): warning C4828: 文件包含在偏移 0x39c 处开始的字符，该字符在当前源字符集中无效(代码页 65001)。
E:\vs项目\练手的\论文查重——第一次软工项目\sim_hash.h(1,1): warning C4828: 文件包含在偏移 0x39d 处开始的字符，该字符在当前源字符集中无效(代码页 65001)。
E:\vs项目\练手的\论文查重——第一次软工项目\sim_hash.h(1,1): warning C4828: 文件包含在偏移 0x39e 处开始的字符，该字符在当前源字符集中无效(代码页 65001)。
E:\vs项目\练手的\论文查重——第一次软工项目\sim_hash.h(1,1): warning C4828: 文件包含在偏移 0x3e7 处开始的字符，该字符在当前源字符集中无效(代码页 65001)。
E:\vs项目\练手的\论文查重——第一次软工项目\sim_hash.h(1,1): warning C4828: 文件包含在偏移 0x3e8 处开始的字符，该字符在当前源字符集中无效(代码页 65001)。
E:\vs项目\练手的\论文查重——第一次软工项目\sim_hash.h(1,1): warning C4828: 文件包含在偏移 0x3ea 处开始的字符，该字符在当前源字符集中无效(代码页 65001)。
E:\vs项目\练手的\论文查重——第一次软工项目\sim_hash.h(1,1): warning C4828: 文件包含在偏移 0x3ed 处开始的字符，该字符在当前源字符集中无效(代码页 65001)。
E:\vs项目\练手的\论文查重——第一次软工项目\sim_hash.h(1,1): warning C4828: 文件包含在偏移 0x3ee 处开始的字符，该字符在当前源字符集中无效(代码页 65001)。
E:\vs项目\练手的\论文查重——第一次软工项目\sim_hash.h(1,1): warning C4828: 文件包含在偏移 0x3fa 处开始的字符，该字符在当前源字符集中无效(代码页 65001)。
E:\vs项目\练手的\论文查重——第一次软工项目\sim_hash.h(1,1): warning C4828: 文件包含在偏移 0x3fb 处开始的字符，该字符在当前源字符集中无效(代码页 65001)。
E:\vs项目\练手的\论文查重——第一次软工项目\sim_hash.h(1,1): warning C4828: 文件包含在偏移 0x3fe 处开始的字符，该字符在当前源字符集中无效(代码页 65001)。
E:\vs项目\练手的\论文查重——第一次软工项目\sim_hash.h(1,1): warning C4828: 文件包含在偏移 0x3ff 处开始的字符，该字符在当前源字符集中无效(代码页 65001)。
E:\vs项目\练手的\论文查重——第一次软工项目\sim_hash.h(1,1): warning C4828: 文件包含在偏移 0x400 处开始的字符，该字符在当前源字符集中无效(代码页 65001)。
E:\vs项目\练手的\论文查重——第一次软工项目\sim_hash.h(1,1): warning C4828: 文件包含在偏移 0x402 处开始的字符，该字符在当前源字符集中无效(代码页 65001)。
E:\vs项目\练手的\论文查重——第一次软工项目\sim_hash.h(1,1): warning C4828: 文件包含在偏移 0x403 处开始的字符，该字符在当前源字符集中无效(代码页 65001)。
E:\vs项目\练手的\论文查重——第一次软工项目\sim_hash.h(1,1): warning C4828: 文件包含在偏移 0x44b 处开始的字符，该字符在当前源字符集中无效(代码页 65001)。
E:\vs项目\练手的\论文查重——第一次软工项目\sim_hash.h(1,1): warning C4828: 文件包含在偏移 0x44c 处开始的字符，该字符在当前源字符集中无效(代码页 65001)。
E:\vs项目\练手的\论文查重——第一次软工项目\sim_hash.h(1,1): warning C4828: 文件包含在偏移 0x44d 处开始的字符，该字符在当前源字符集中无效(代码页 65001)。
E:\vs项目\练手的\论文查重——第一次软工项目\sim_hash.h(1,1): warning C4828: 文件包含在偏移 0x44e 处开始的字符，该字符在当前源字符集中无效(代码页 65001)。
E:\vs项目\练手的\论文查重——第一次软工项目\sim_hash.h(1,1): warning C4828: 文件包含在偏移 0x44f 处开始的字符，该字符在当前源字符集中无效(代码页 65001)。
E:\vs项目\练手的\论文查重——第一次软工项目\sim_hash.h(1,1): warning C4828: 文件包含在偏移 0x451 处开始的字符，该字符在当前源字符集中无效(代码页 65001)。
E:\vs项目\练手的\论文查重——第一次软工项目\sim_hash.h(1,1): warning C4828: 文件包含在偏移 0x452 处开始的字符，该字符在当前源字符集中无效(代码页 65001)。
E:\vs项目\练手的\论文查重——第一次软工项目\sim_hash.h(1,1): warning C4828: 文件包含在偏移 0x457 处开始的字符，该字符在当前源字符集中无效(代码页 65001)。
E:\vs项目\练手的\论文查重——第一次软工项目\sim_hash.h(1,1): warning C4828: 文件包含在偏移 0x458 处开始的字符，该字符在当前源字符集中无效(代码页 65001)。
E:\vs项目\练手的\论文查重——第一次软工项目\sim_hash.h(1,1): warning C4828: 文件包含在偏移 0x45b 处开始的字符，该字符在当前源字符集中无效(代码页 65001)。
E:\vs项目\练手的\论文查重——第一次软工项目\sim_hash.h(1,1): warning C4828: 文件包含在偏移 0x45d 处开始的字符，该字符在当前源字符集中无效(代码页 65001)。
E:\vs项目\练手的\论文查重——第一次软工项目\sim_hash.h(1,1): warning C4828: 文件包含在偏移 0x45f 处开始的字符，该字符在当前源字符集中无效(代码页 65001)。
E:\vs项目\练手的\论文查重——第一次软工项目\sim_hash.h(1,1): warning C4828: 文件包含在偏移 0x460 处开始的字符，该字符在当前源字符集中无效(代码页 65001)。
E:\vs项目\练手的\论文查重——第一次软工项目\sim_hash.h(1,1): warning C4828: 文件包含在偏移 0x4b9 处开始的字符，该字符在当前源字符集中无效(代码页 65001)。
E:\vs项目\练手的\论文查重——第一次软工项目\sim_hash.h(1,1): warning C4828: 文件包含在偏移 0x4ba 处开始的字符，该字符在当前源字符集中无效(代码页 65001)。
E:\vs项目\练手的\论文查重——第一次软工项目\sim_hash.h(1,1): warning C4828: 文件包含在偏移 0x4bf 处开始的字符，该字符在当前源字符集中无效(代码页 65001)。
E:\vs项目\练手的\论文查重——第一次软工项目\sim_hash.h(1,1): warning C4828: 文件包含在偏移 0x4c0 处开始的字符，该字符在当前源字符集中无效(代码页 65001)。
E:\vs项目\练手的\论文查重——第一次软工项目\sim_hash.h(1,1): warning C4828: 文件包含在偏移 0x4c6 处开始的字符，该字符在当前源字符集中无效(代码页 65001)。
E:\vs项目\练手的\论文查重——第一次软工项目\sim_hash.h(1,1): warning C4828: 文件包含在偏移 0x504 处开始的字符，该字符在当前源字符集中无效(代码页 65001)。
E:\vs项目\练手的\论文查重——第一次软工项目\sim_hash.h(1,1): warning C4828: 文件包含在偏移 0x505 处开始的字符，该字符在当前源字符集中无效(代码页 65001)。
E:\vs项目\练手的\论文查重——第一次软工项目\sim_hash.h(1,1): warning C4828: 文件包含在偏移 0x506 处开始的字符，该字符在当前源字符集中无效(代码页 65001)。
E:\vs项目\练手的\论文查重——第一次软工项目\sim_hash.h(1,1): warning C4828: 文件包含在偏移 0x507 处开始的字符，该字符在当前源字符集中无效(代码页 65001)。
E:\vs项目\练手的\论文查重——第一次软工项目\sim_hash.h(1,1): warning C4828: 文件包含在偏移 0x509 处开始的字符，该字符在当前源字符集中无效(代码页 65001)。
E:\vs项目\练手的\论文查重——第一次软工项目\sim_hash.h(1,1): warning C4828: 文件包含在偏移 0x50e 处开始的字符，该字符在当前源字符集中无效(代码页 65001)。
E:\vs项目\练手的\论文查重——第一次软工项目\sim_hash.h(1,1): warning C4828: 文件包含在偏移 0x50f 处开始的字符，该字符在当前源字符集中无效(代码页 65001)。
E:\vs项目\练手的\论文查重——第一次软工项目\sim_hash.h(1,1): warning C4828: 文件包含在偏移 0x511 处开始的字符，该字符在当前源字符集中无效(代码页 65001)。
E:\vs项目\练手的\论文查重——第一次软工项目\sim_hash.h(1,1): warning C4828: 文件包含在偏移 0x512 处开始的字符，该字符在当前源字符集中无效(代码页 65001)。
E:\vs项目\练手的\论文查重——第一次软工项目\sim_hash.h(1,1): warning C4828: 文件包含在偏移 0x514 处开始的字符，该字符在当前源字符集中无效(代码页 65001)。
E:\vs项目\练手的\论文查重——第一次软工项目\sim_hash.h(1,1): warning C4828: 文件包含在偏移 0x515 处开始的字符，该字符在当前源字符集中无效(代码页 65001)。
E:\vs项目\练手的\论文查重——第一次软工项目\sim_hash.h(1,1): warning C4828: 文件包含在偏移 0x51a 处开始的字符，该字符在当前源字符集中无效(代码页 65001)。
E:\vs项目\练手的\论文查重——第一次软工项目\sim_hash.h(1,1): warning C4828: 文件包含在偏移 0x51b 处开始的字符，该字符在当前源字符集中无效(代码页 65001)。
E:\vs项目\练手的\论文查重——第一次软工项目\sim_hash.h(1,1): warning C4828: 文件包含在偏移 0x51c 处开始的字符，该字符在当前源字符集中无效(代码页 65001)。
E:\vs项目\练手的\论文查重——第一次软工项目\sim_hash.h(1,1): warning C4828: 文件包含在偏移 0x51f 处开始的字符，该字符在当前源字符集中无效(代码页 65001)。
E:\vs项目\练手的\论文查重——第一次软工项目\sim_hash.h(1,1): warning C4828: 文件包含在偏移 0x524 处开始的字符，该字符在当前源字符集中无效(代码页 65001)。
E:\vs项目\练手的\论文查重——第一次软工项目\sim_hash.h(1,1): warning C4828: 文件包含在偏移 0x525 处开始的字符，该字符在当前源字符集中无效(代码页 65001)。
E:\vs项目\练手的\论文查重——第一次软工项目\sim_hash.h(1,1): warning C4828: 文件包含在偏移 0x526 处开始的字符，该字符在当前源字符集中无效(代码页 65001)。
E:\vs项目\练手的\论文查重——第一次软工项目\sim_hash.h(1,1): warning C4828: 文件包含在偏移 0x528 处开始的字符，该字符在当前源字符集中无效(代码页 65001)。
E:\vs项目\练手的\论文查重——第一次软工项目\sim_hash.h(1,1): warning C4828: 文件包含在偏移 0x529 处开始的字符，该字符在当前源字符集中无效(代码页 65001)。
E:\vs项目\练手的\论文查重——第一次软工项目\sim_hash.h(1,1): warning C4828: 文件包含在偏移 0x52b 处开始的字符，该字符在当前源字符集中无效(代码页 65001)。
  论文查重——第一次软工项目.vcxproj -> E:\vs项目\练手的\论文查重——第一次软工项目\x64\Debug\论文查重——第一次软工项目.exe
